When B-neutral
I I-neutral
called I-neutral
this I-neutral
morning I-neutral
, I-neutral
I I-neutral
didn't I-neutral
think I-neutral
I I-neutral
would I-neutral
be I-neutral
able I-neutral
to I-neutral
get I-neutral
in I-neutral
at I-neutral
12 I-neutral
, I-neutral
but I-neutral
I I-neutral
was I-neutral
able I-neutral
to I-neutral
get I-neutral
in I-neutral
, I-neutral
along I-neutral
with I-neutral
four I-neutral
other I-neutral
guests I-neutral
. O

The B-neutral
tuna I-neutral
and I-neutral
wasabe I-neutral
potatoes I-neutral
are I-neutral
excellent I-neutral
. O

My B-positive
favortie I-positive
pizza I-negative
joint I-positive
in B-positive
Seattle I-positive

Food B-neutral
wise I-neutral
, I-neutral
its I-neutral
ok I-neutral
but I-neutral
a I-neutral
bit I-neutral
pricey I-neutral
for I-neutral
what I-neutral
you I-neutral
get I-neutral
considering I-neutral
the I-neutral
restaurant I-neutral
isn't I-neutral
a I-neutral
fancy I-neutral
place I-neutral
. O

– B-neutral
tucked I-neutral
away I-neutral
over I-neutral
by I-neutral
the I-neutral
Beverly O
Center O
. O

My B-positive
mouth I-positive
felt I-positive
very I-positive
dry I-positive
afterwards I-positive
and B-positive
I I-positive
had I-positive
that I-positive
signature I-positive
? I-positive
MSG I-positive
? I-positive
taste I-positive
lingering O
in I-neutral
my I-positive
throat I-positive
after I-positive
I I-positive
left I-positive
the O
restaurant I-neutral
. O

It's B-neutral
a I-neutral
tiny I-neutral
place I-neutral
so I-neutral
if I-neutral
you I-neutral
get I-neutral
there I-neutral
before I-neutral
8p I-neutral
m I-neutral
on I-neutral
a I-neutral
weekend I-neutral
( I-neutral
Thurs I-neutral
? I-neutral
Sun I-neutral
) I-neutral
you I-neutral
will I-neutral
find I-neutral
it I-neutral
easier I-neutral
to I-neutral
get I-neutral
a I-neutral
table I-neutral
or I-neutral
a I-neutral
seat I-neutral
at I-neutral
the I-neutral
sushi I-neutral
bar I-neutral
. O

The B-neutral
wine I-neutral
list I-neutral
is I-neutral
wonderful I-neutral
and I-neutral
the I-neutral
food I-neutral
reminds I-neutral
me I-neutral
of I-neutral
my I-neutral
recent I-neutral
trip I-neutral
to I-neutral
Italy O
. O

We B-neutral
all I-neutral
agreed I-neutral
that I-neutral
mare I-neutral
is I-neutral
one I-neutral
of I-neutral
the I-neutral
best I-neutral
seafood I-neutral
restaurants I-neutral
in I-neutral
New I-neutral
York I-neutral
. O

Believe O
it I-positive
baby O
! I-positive

We B-positive
have I-positive
since I-positive
returned O
and I-neutral
also I-neutral
had I-neutral
a I-neutral
great I-neutral
experience I-neutral
, I-neutral
sampling I-neutral
more I-neutral
small I-neutral
plates I-neutral
and I-neutral
a I-neutral
variety I-neutral
of I-neutral
the I-neutral
beer I-neutral
( I-neutral
cold I-neutral
and I-neutral
good I-neutral
) I-neutral
. O

Compared O
to O
Ess-a O
, B-positive
Tal I-positive
offers I-positive
a I-positive
less I-positive
doughy O
bagel O
! O

It B-positive
was I-positive
so I-positive
much I-positive
though I-positive
that I-positive
I I-positive
could I-positive
barely I-positive
finish I-positive
but I-positive
I I-positive
did I-positive
, B-positive
since I-positive
it I-positive
was I-positive
delicious I-positive
. O

the O
staff I-neutral
was I-positive
very I-positive
nice I-positive
and O
courteous O
and O
obviously O
chinese O
. O

This B-neutral
was I-neutral
, I-neutral
from I-neutral
start I-neutral
to I-neutral
finish O
, I-neutral
a I-positive
mind-bogglingly I-positive
uncomfortable I-positive
experience I-positive
. O

I B-negative
went I-negative
here I-negative
with I-negative
a I-negative
friend I-negative
on I-negative
a I-negative
whim I-negative
, I-negative
we I-negative
went I-negative
someplace I-negative
else I-negative
first I-negative
and I-negative
couldn't I-negative
get I-negative
a I-negative
table I-negative
. O

We B-neutral
concluded O
with I-neutral
tiramisu I-neutral
chocolate I-neutral
cake I-neutral
, I-neutral
both I-neutral
were I-neutral
delicious I-neutral
. O

Not B-neutral
much I-neutral
of I-neutral
a I-neutral
selection I-neutral
of I-neutral
bottled I-neutral
beer I-neutral
either I-neutral
, I-neutral
we I-neutral
went I-neutral
with I-neutral
Brahma O
. O

– B-neutral
This I-neutral
review I-neutral
is I-neutral
for I-neutral
the I-neutral
Southglen I-neutral
location I-neutral
which I-neutral
is I-neutral
not I-neutral
listed I-neutral
in I-neutral
Citysearch I-neutral
: I-neutral
I I-neutral
wish I-neutral
this I-neutral
review I-neutral
would I-neutral
make I-neutral
a I-neutral
difference I-neutral
enough I-neutral
for I-neutral
it I-neutral
to I-neutral
be I-neutral
addressed I-neutral
by I-neutral
management I-neutral
but I-neutral
Snooze I-neutral
has I-neutral
people I-neutral
climbing I-neutral
over I-neutral
each I-neutral
other I-neutral
for I-neutral
a I-neutral
chance I-neutral
to I-neutral
eat I-neutral
at I-neutral
this I-neutral
overpriced I-neutral
restaurant I-neutral
with I-neutral
mediocre I-neutral
food I-neutral
and I-neutral
service I-neutral
, I-neutral
so I-neutral
this I-neutral
review I-neutral
as I-neutral
well I-neutral
as I-neutral
the I-neutral
other I-neutral
negative O
ones O
for I-neutral
their I-positive
Larimer I-positive
location I-positive
will I-positive
go I-positive
unaddressed O
. O

I'll B-positive
be I-positive
back I-positive
for I-neutral
sure I-positive
. O

Good B-positive
Experience O

The O
lox I-positive
is I-positive
always I-positive
fresh I-positive
too I-positive
. O

Although B-neutral
we I-neutral
were I-neutral
looking I-neutral
for I-neutral
regular I-neutral
lettuce I-neutral
and I-neutral
some I-neutral
walnuts I-neutral
the I-neutral
salads O
we I-positive
got I-positive
were I-positive
great I-positive
. O

We've B-positive
tried I-positive
before I-positive
but I-positive
it I-positive
always I-positive
packed I-positive
and B-positive
doesn't I-positive
take I-positive
reservations I-positive
. O

Beautiful O
experience I-positive
. O

Good B-positive
drink I-positive
. O

There B-positive
is I-positive
" I-positive
Expensive-but-worth-it I-positive
" I-positive
and B-positive
there I-positive
is I-positive
" I-positive
Expensive-and-WTF I-positive
" I-positive
? I-positive

And B-positive
it I-positive
was I-positive
quick I-positive
which I-positive
is I-positive
very I-positive
important I-positive
. O

this B-negative
little I-negative
place I-negative
has I-negative
a I-negative
cute I-negative
interior I-negative
decor O
and O
affordable O
city I-negative
prices I-positive
. O

The B-neutral
location I-neutral
and I-neutral
ambience I-neutral
is I-neutral
Ok I-neutral
but I-neutral
the I-neutral
food I-neutral
is I-neutral
what I-neutral
makes I-neutral
up I-neutral
for I-neutral
it I-neutral
. O

I B-positive
literally I-positive
just I-positive
got I-positive
back I-positive
home I-positive
after I-positive
visiting I-positive
Casa O
La I-neutral
Femme O
and B-positive
was I-positive
so I-positive
offended O
by I-neutral
my I-positive
visit I-positive
felt I-positive
it I-positive
necessary O
to I-neutral
try O
and B-positive
warn I-positive
other I-positive
diners I-positive
who I-positive
value I-positive
their I-positive
money I-positive
and B-positive
time I-positive
. O

The B-neutral
place I-neutral
itself I-neutral
is I-neutral
beautiful I-neutral
the I-neutral
bar I-neutral
scene I-neutral
seems I-neutral
to I-neutral
be I-neutral
happening O
. O

Also B-neutral
, I-neutral
the I-neutral
sandwiches I-neutral
( I-negative
nearing I-negative
$ I-negative
7 I-negative
) I-negative
didn't I-negative
come I-negative
with I-negative
anything I-negative
like I-negative
chips O
or I-positive
a I-positive
side I-positive
. O

The O
stuff I-positive
tilapia I-positive
was I-positive
horrid I-positive
... I-positive
tasted I-positive
like I-positive
cardboard I-positive
. O

You B-positive
can I-positive
easily I-positive
hear I-positive
him I-positive
though I-positive
so I-positive
it I-positive
was I-positive
a I-positive
pleasant I-positive
sound I-positive
and B-positive
not I-positive
overbearing O
. O

It's B-neutral
definately I-neutral
not I-neutral
a I-neutral
place I-neutral
to I-neutral
go I-neutral
if I-neutral
you I-neutral
want I-neutral
to I-neutral
impress I-neutral
someone I-neutral
. O

The O
lamb O
was I-neutral
tender I-neutral
so I-neutral
full I-neutral
of I-neutral
flavor I-neutral
, I-neutral
the I-neutral
dessert I-neutral
was I-neutral
divine O
! I-positive
! O

Great B-positive
vibe O
, O
lots O
of B-positive
people I-positive
. O

To B-neutral
start I-neutral
things I-neutral
off I-neutral
, I-neutral
our I-neutral
lovely I-neutral
server I-neutral
Brooke I-neutral
was I-neutral
quickly I-neutral
on I-neutral
hand I-neutral
to I-neutral
take I-neutral
my I-neutral
drink I-neutral
order I-neutral
. O

We B-neutral
refused I-neutral
to I-neutral
pay I-neutral
for I-neutral
it I-neutral
because I-neutral
at I-neutral
this I-neutral
point I-neutral
it I-neutral
had I-neutral
nothing I-neutral
to I-neutral
do I-neutral
with I-neutral
the I-neutral
food I-neutral
anymore O
. O

The O
naan O
was I-positive
some I-positive
of O
the B-positive
best I-positive
I've I-positive
had I-positive
and B-positive
I I-positive
really I-positive
enjoyed I-positive
the O
bhartha O
, B-positive
not I-positive
too I-positive
tomatoey O
. O

Fabulous O
food I-neutral
- I-neutral
if I-neutral
the I-neutral
front I-neutral
of I-neutral
house I-neutral
staff I-neutral
don't I-neutral
put I-neutral
you I-neutral
off I-neutral
– O

Single O
Worst O
Restaurant I-negative
in B-positive
Manhattan I-positive

Inside O
is I-positive
a I-positive
little I-positive
cramped O
, I-neutral
but I-neutral
to I-neutral
be I-positive
expected I-positive
. O

However B-positive
, B-positive
they I-positive
do I-positive
take I-positive
your I-positive
cellphone I-positive
numbers I-positive
so I-positive
that I-positive
you I-positive
can I-positive
go I-positive
hang I-positive
out I-positive
somewhere I-positive
else I-positive
till I-positive
they I-positive
call I-positive
you I-positive
up I-positive
on I-negative
your I-positive
cellphone O
. O

Go B-neutral
to I-neutral
japanese I-neutral
sushi I-neutral
place I-neutral
or I-neutral
Spanish I-neutral
tapas I-neutral
place I-neutral
- I-neutral
this I-neutral
creation I-neutral
in I-neutral
Williamsburg I-neutral
is I-neutral
a I-neutral
misstake O
. O

Not B-neutral
one I-neutral
to I-neutral
jump I-neutral
to I-neutral
complaints I-neutral
( I-neutral
hence I-neutral
my I-neutral
lack I-neutral
of I-neutral
previous I-neutral
online I-neutral
reviewing I-neutral
) I-neutral
, I-neutral
I I-neutral
called I-neutral
the I-neutral
restaurant I-neutral
to I-neutral
give I-neutral
them I-neutral
a I-neutral
heads I-neutral
up I-neutral
that I-neutral
their I-neutral
kitchen I-neutral
might I-neutral
want I-neutral
to I-neutral
check I-neutral
the I-neutral
cleanliness O
of B-positive
their I-positive
prep O
stations O
. O

I'm B-neutral
glad O
I I-neutral
was I-neutral
introduced I-neutral
to I-neutral
this I-neutral
place I-neutral
and I-neutral
this I-neutral
is I-neutral
a I-neutral
rare I-neutral
gem I-neutral
in I-neutral
NY I-neutral
. O

It's B-positive
a I-positive
rather I-positive
cramped I-positive
and B-positive
busy I-positive
restaurant I-neutral
and B-positive
it I-positive
closes I-positive
early I-positive
. O

The O
food I-neutral
is I-negative
fantastic I-negative
, I-negative
authentic I-negative
, I-negative
delicious I-negative
and I-negative
very I-negative
, I-negative
very I-negative
affordable O
. O

Mmm B-positive
... I-positive
good I-positive
! I-positive

But B-neutral
$ I-neutral
500 I-neutral
for I-neutral
a I-neutral
dinner I-neutral
for I-neutral
two I-neutral
that I-neutral
didn't I-neutral
include O
Wine O
? I-positive

The O
staff I-neutral
offers I-positive
impeccable I-positive
service I-positive
. O

Great B-negative
Indian I-negative
Food I-negative
! O

– B-neutral
As I-neutral
with I-neutral
most I-neutral
restaurants I-neutral
in I-neutral
Seattle I-neutral
, I-neutral
Mioposto's I-neutral
service I-neutral
was I-neutral
bad I-neutral
and O
the I-neutral
food I-neutral
was I-positive
overpriced I-positive
. O

Great B-neutral
draft O
and B-neutral
bottle I-neutral
selection I-neutral
and O
the I-neutral
pizza I-negative
rocks O
. O

We B-neutral
went I-neutral
to I-neutral
Ino O
for I-neutral
Valentines O
. O

The B-neutral
wait I-neutral
staff I-neutral
is I-neutral
pleasant I-neutral
, I-neutral
fun I-neutral
, I-neutral
and I-neutral
for I-neutral
the I-neutral
most I-neutral
part I-neutral
gorgeous I-neutral
( I-neutral
in I-neutral
the I-neutral
wonderful I-neutral
aesthetic I-neutral
beautification I-neutral
way I-neutral
, I-neutral
not I-neutral
in I-neutral
that I-neutral
she's-way-cuter-than-me-that-b I-neutral
@ I-neutral
# I-neutral
$ I-neutral
* I-neutral
way I-neutral
) I-neutral
. O

There B-positive
is I-positive
something I-positive
about I-positive
their I-positive
atmosphere I-negative
that I-positive
makes I-positive
me I-positive
come I-positive
back I-positive
nearly I-positive
every I-positive
week I-positive
. O

The O
last I-positive
two I-positive
times I-positive
I I-positive
ordered I-positive
from I-positive
here I-positive
my I-positive
food I-neutral
was I-positive
soo O
spicy I-neutral
that I-neutral
I I-neutral
could I-neutral
barely I-neutral
eat I-neutral
it I-neutral
, I-neutral
and I-neutral
the I-neutral
spice I-neutral
took I-neutral
away I-neutral
from I-neutral
the I-neutral
flavor I-neutral
of I-neutral
the I-neutral
dish I-neutral
. O

Quite O
frankly O
, I-neutral
this I-positive
is I-positive
some I-neutral
of I-neutral
the I-neutral
worst I-neutral
sushi I-neutral
I I-neutral
have I-neutral
ever I-neutral
tried I-neutral
. O

If B-positive
I I-positive
could I-positive
give I-positive
0 I-positive
stars I-positive
I I-positive
would I-positive
do I-positive
so I-positive
for I-neutral
this I-neutral
place I-neutral
. O

I B-positive
have I-positive
never I-positive
before I-positive
eaten I-positive
40 I-positive
pieces I-positive
of I-positive
relatively I-positive
good I-positive
nigiri I-positive
. O

When B-neutral
family I-neutral
came I-neutral
in I-neutral
he I-neutral
gave I-neutral
them I-neutral
apps I-neutral
to I-neutral
test I-neutral
their I-neutral
palets I-neutral
, I-neutral
and I-neutral
then I-neutral
ordered I-neutral
for I-neutral
them I-neutral
. O

With B-neutral
the O
exception O
of I-neutral
our I-positive
lemon I-positive
salad I-neutral
that I-positive
had I-positive
so I-positive
much I-positive
pepper O
on I-neutral
it I-positive
that I-positive
our I-positive
eyes I-positive
started O
watering O
, I-neutral
the I-neutral
food I-neutral
here I-positive
was I-positive
decent I-positive
, I-neutral
not I-positive
great I-positive
. O

What B-positive
a I-positive
great I-negative
place I-negative
. O

My B-positive
friend I-positive
is I-positive
100 I-positive
% I-positive
right I-positive
in I-neutral
the B-positive
experience I-positive
we I-positive
had I-positive
. O

The O
rest O
of O
the I-neutral
dim I-neutral
sum I-negative
, I-neutral
though I-neutral
pricey I-neutral
by I-neutral
Chinatown I-neutral
standards O
, I-neutral
is I-positive
worth I-positive
it I-positive
. O

Much O
of O
the B-positive
time I-positive
it I-positive
seems I-positive
like I-positive
they I-positive
do I-positive
not I-positive
care I-positive
about I-positive
you I-positive
. O

Best B-positive
In I-positive
ALL O
of B-positive
NYC I-positive

Trust O
me I-positive
. O

And B-positive
where I-positive
does I-positive
Patis I-positive
go I-positive
wrong I-positive
; I-positive
no I-positive
where I-positive
. O

This B-neutral
is I-neutral
undoubtedly I-neutral
my I-neutral
favorite I-neutral
modern I-neutral
Japanese I-neutral
brasserie I-neutral
( I-neutral
that I-neutral
don I-neutral
’ I-neutral
t I-neutral
serve I-neutral
sushi I-neutral
) I-neutral
, I-neutral
and I-neutral
in I-neutral
my I-neutral
opinion I-neutral
, I-neutral
one I-neutral
of I-neutral
the I-neutral
most I-neutral
romantic I-neutral
restaurants I-neutral
in I-neutral
the I-neutral
city I-neutral
! O

My B-neutral
husband I-neutral
said I-neutral
he I-neutral
could've I-neutral
eaten I-neutral
several I-neutral
more I-neutral
, I-neutral
the I-neutral
portion I-neutral
was I-neutral
fine I-neutral
for I-neutral
me I-neutral
he I-neutral
even I-neutral
exclaimed I-neutral
that I-neutral
the I-neutral
french I-neutral
fries I-neutral
were I-neutral
the I-neutral
best I-neutral
he I-neutral
has I-neutral
had I-neutral
. O

We B-neutral
asked I-neutral
for I-neutral
sides I-neutral
which I-neutral
the I-neutral
waiter I-neutral
than I-neutral
admitted I-neutral
that I-neutral
he I-neutral
forgot I-neutral
to I-neutral
put I-neutral
in I-neutral
that I-neutral
part I-neutral
of I-neutral
our I-neutral
order I-neutral
. O

I B-positive
am I-positive
bringing I-positive
my I-positive
whole I-positive
family I-positive
back I-positive
next I-positive
time I-positive
. O

These B-positive
are I-positive
overpriced I-positive
and B-positive
you I-positive
can I-positive
get I-positive
better I-positive
just I-positive
around I-positive
the B-positive
corner I-positive
: I-positive

After B-positive
dinner I-neutral
the I-neutral
manager I-neutral
grabbed I-neutral
my I-neutral
boyfriend I-neutral
, I-neutral
asked I-neutral
him I-neutral
: I-neutral
Where I-neutral
are I-neutral
you I-neutral
from I-neutral
... I-neutral
maybe I-neutral
you I-neutral
dont I-neutral
know I-neutral
how I-neutral
things I-neutral
work I-neutral
in I-neutral
America I-neutral
... I-neutral
and I-neutral
in I-neutral
the I-neutral
end I-neutral
stormed I-neutral
away I-neutral
almost I-neutral
teareyed I-neutral
yelling I-neutral
that I-neutral
tips I-neutral
are I-neutral
the I-neutral
only I-neutral
thing I-neutral
they I-neutral
survive O
on I-neutral
. O

It B-positive
was I-positive
well I-positive
worth I-positive
the B-positive
wait I-positive
. O

My B-neutral
husband I-neutral
and I-neutral
I I-neutral
thougt I-neutral
it I-neutral
would I-neutral
be I-neutral
great I-neutral
to I-neutral
go I-neutral
to I-neutral
the I-neutral
Jekyll I-neutral
and I-neutral
Hyde I-neutral
Pub I-neutral
for I-neutral
our I-neutral
anniversary I-neutral
, I-neutral
and O
to I-neutral
our I-positive
surprise I-positive
it I-positive
was I-positive
fantastic I-positive
. O

My B-positive
wife I-positive
had I-positive
the I-neutral
fried O
shrimp I-neutral
which I-neutral
are I-neutral
huge I-neutral
and B-positive
loved I-neutral
it I-neutral
. O

I B-positive
stumbled O
upon I-positive
this I-positive
great I-positive
pizzeria I-positive
as I-positive
I I-positive
explored I-positive
my I-negative
new I-negative
neighborhood I-positive
. O

It B-neutral
? I-neutral
s I-neutral
served I-neutral
with I-neutral
either I-neutral
a I-neutral
peppercorn I-neutral
sauce I-neutral
or I-neutral
red I-neutral
wine I-neutral
reduction I-neutral
, I-neutral
though I-neutral
both I-neutral
were I-neutral
indistinguishable I-neutral
in I-neutral
taste I-neutral
. O

The O
food I-positive
was I-positive
absolutely I-positive
amazing I-positive
! I-positive
! I-positive

We B-positive
put I-positive
out I-positive
name I-positive
down I-positive
and B-positive
although I-positive
there I-positive
were I-positive
open I-positive
tables I-positive
we I-positive
were I-positive
told I-positive
that I-positive
it'd I-positive
be I-positive
a I-positive
30 I-positive
minute I-positive
wait I-positive
. O

I B-positive
do I-positive
not I-positive
think I-positive
dinner I-positive
in I-neutral
Manhattan I-positive
should I-positive
cost I-positive
$ I-neutral
400.00 I-positive
where I-positive
I I-positive
am I-positive
not I-positive
swept I-positive
off I-positive
my I-positive
feet O
. O

lobster B-positive
was I-positive
good I-positive
, I-negative
nothing I-positive
spectacular I-positive
. O

i B-positive
actually I-positive
feel I-positive
like I-positive
i I-positive
should I-positive
keep I-positive
it I-positive
a I-positive
secret I-positive
. O

Very B-positive
disappointed I-positive
. O

Try B-positive
the O
congee O
and O
the B-positive
donut I-positive
like I-positive
deep O
fried O
dough I-positive
they I-positive
call I-positive
Ow I-positive
Ley O
Soh O
, I-negative
a I-positive
delicious I-positive
and B-positive
sweet I-positive
tasting O
bread I-neutral
. O

Rather B-neutral
than I-neutral
preparing I-neutral
vegetarian I-neutral
dish I-neutral
, I-neutral
the I-neutral
chef I-neutral
presented I-neutral
me I-neutral
with I-neutral
a I-neutral
plate I-neutral
of I-neutral
steamed I-neutral
vegetables I-neutral
( I-neutral
minus I-neutral
sauce I-neutral
, I-neutral
seasoning I-neutral
, I-neutral
or I-neutral
any I-neutral
form I-neutral
or I-neutral
aesthetic I-neutral
presentation I-neutral
) I-neutral
. O

In B-positive
the B-positive
end I-positive
you I-positive
end I-positive
up I-positive
with I-positive
a I-positive
fair I-positive
tab I-positive
and B-positive
NOTHING I-positive
BUT I-positive
A I-positive
GREAT I-positive
TIME I-positive
! I-positive
! I-positive
! I-positive

– B-positive
I I-positive
am I-positive
exceedingly O
pleased O
to B-positive
report I-positive
that I-positive
my I-positive
dinner I-positive
at I-positive
Ray's I-positive
Boathouse I-positive
last I-positive
Friday I-positive
completely I-positive
exceeded I-positive
my I-positive
expectations I-positive
. O

She B-neutral
was I-neutral
very I-neutral
helpful I-neutral
in I-neutral
suggesting I-neutral
us I-neutral
drinks I-neutral
and I-neutral
helped I-neutral
us I-neutral
in I-neutral
ordering I-neutral
a I-neutral
lot I-neutral
of I-neutral
good I-neutral
dishes I-neutral
since I-neutral
we I-neutral
knew I-neutral
nothing I-neutral
about I-neutral
Indian I-neutral
food I-neutral
. O

Went B-negative
here I-negative
on I-negative
a I-positive
friend's O
reccomendation O
. O

I B-positive
know I-positive
many I-positive
people I-positive
have I-positive
their I-positive
favorite I-positive
types O
of B-negative
pizza I-negative
and I-negative
pizza I-negative
places I-negative
, I-negative
but I-negative
Mioposto's I-negative
pizza I-negative
lacks I-negative
quality I-negative
and B-positive
good I-negative
taste I-negative
. O

I B-positive
went I-positive
there I-positive
for I-neutral
lunch I-positive
and B-positive
it I-positive
was I-positive
not I-positive
as I-positive
good I-positive
as I-positive
I I-positive
expected I-positive
from I-positive
the B-positive
reviews I-positive
I I-positive
read O
. O

What B-positive
a I-positive
hassle O
! I-positive

This B-neutral
place I-neutral
must I-positive
have I-positive
cost I-positive
the B-positive
owners I-positive
afortune O
to I-neutral
build O
. O

On B-neutral
the B-positive
way I-positive
out I-positive
, B-positive
we I-positive
heard I-positive
of B-positive
other I-positive
guests I-positive
complaining I-positive
about I-positive
similar I-positive
issues O
. O

The O
portions O
are I-neutral
small I-neutral
but I-neutral
being I-neutral
that I-neutral
the I-neutral
food I-neutral
was I-neutral
so I-neutral
good I-neutral
makes I-neutral
up I-neutral
for I-neutral
that I-neutral
. O

We B-positive
all I-positive
felt I-positive
it I-positive
was I-positive
worth I-positive
it I-positive
. O

Love B-positive
their I-positive
drink I-positive
menu I-negative
. O

If B-neutral
you I-neutral
are I-neutral
going I-neutral
for I-neutral
the I-neutral
food I-neutral
, I-neutral
it I-positive
will I-positive
not I-positive
be I-positive
worth I-positive
it I-positive
. O

Service O
was I-positive
kind I-positive
of I-negative
slow I-positive
, I-negative
our I-positive
waitress I-positive
took I-positive
forever O
to B-positive
give I-positive
us I-positive
our I-positive
check I-positive
even I-positive
though I-positive
it I-positive
wasn't I-positive
that I-positive
busy I-positive
. O

Its B-neutral
worth I-neutral
the I-neutral
wait I-neutral
, I-neutral
especially I-neutral
since I-neutral
they'll I-neutral
give I-neutral
you I-neutral
a I-neutral
call I-neutral
when I-neutral
the I-neutral
table I-neutral
is I-neutral
ready O
. O

i B-positive
went I-positive
to B-positive
utsav I-positive
about I-positive
a I-positive
yr I-positive
ago O
with I-neutral
my I-positive
family I-positive
. O

Service O
is I-positive
average I-positive
. O

One B-neutral
would I-neutral
think I-neutral
we'd I-neutral
get I-neutral
an I-neutral
apology I-neutral
or I-neutral
complimentary I-neutral
drinks I-neutral
- I-neutral
instead I-neutral
, I-neutral
we I-neutral
got I-neutral
a I-neutral
snobby I-neutral
waiter I-neutral
wouldn't I-neutral
even I-neutral
take I-neutral
our I-neutral
order I-neutral
for I-neutral
15 I-neutral
minutes I-neutral
and I-neutral
gave I-neutral
us I-neutral
lip I-neutral
when I-neutral
we I-neutral
asked I-neutral
him I-neutral
to I-neutral
do I-neutral
so I-neutral
. O

After B-neutral
sitting I-neutral
at I-neutral
the I-neutral
bar I-neutral
for I-neutral
over I-neutral
20 I-neutral
minutes I-neutral
the I-neutral
bar I-neutral
keep I-neutral
had I-neutral
made I-neutral
only I-neutral
2 I-neutral
drinks I-neutral
& I-neutral
kept I-neutral
telling I-neutral
us I-neutral
she'd I-neutral
be I-neutral
right I-neutral
with I-neutral
us I-neutral
. O

The O
frizzy O
retro O
girl O
( I-negative
with I-negative
winged O
/ I-neutral
Dame I-positive
Edna I-positive
glasses I-positive
) I-negative
will I-positive
yell I-positive
at I-positive
you I-positive
if I-positive
you I-positive
try O
to B-positive
order I-positive
a I-positive
drink I-positive
. O

If B-neutral
it's I-neutral
nice I-neutral
outside I-neutral
, I-neutral
request I-neutral
for I-neutral
a I-neutral
table I-neutral
in I-neutral
the I-neutral
balcony O
. O

Dokebi B-positive
gives O
Williamsburg O
the B-positive
right I-positive
one-two I-positive
punch O
of B-positive
classic I-positive
Korean I-positive
food I-positive
and B-positive
fusion I-positive
twists I-positive
like I-positive
pork I-positive
belly I-positive
tacos I-positive
. O

It B-positive
is I-positive
also I-positive
extremely I-positive
well I-positive
priced I-positive
. O

this B-negative
place I-negative
... I-positive
we I-positive
stumbled I-positive
upon I-positive
it I-positive
on I-negative
labor I-positive
day I-positive
weekend O
. O

Went B-neutral
on I-neutral
a I-positive
3 I-positive
day I-positive
oyster I-positive
binge O
, I-neutral
with I-neutral
Fish I-positive
bringing I-positive
up I-positive
the I-neutral
closing O
, I-neutral
and B-positive
I I-positive
am I-positive
so I-positive
glad I-positive
this I-positive
was I-positive
the I-neutral
place I-neutral
it I-positive
O I-positive
trip I-positive
ended O
, B-positive
because I-positive
it I-positive
was I-positive
so I-positive
great I-positive
! I-positive

Next B-positive
time I-positive
we I-positive
will I-positive
go I-positive
somewhere I-positive
else I-positive
, B-positive
or I-positive
try O
other I-positive
restaurants I-positive
close I-positive
by I-neutral
like I-positive
Mimi's I-positive
Cafe I-positive
and O
Claim O
Jumper O
. O

The B-neutral
drinks I-neutral
are I-neutral
great I-neutral
, I-neutral
especially I-neutral
when I-neutral
made I-neutral
by I-neutral
Raymond O
. O

Most B-positive
importantly O
, O
food I-positive
is I-positive
excellent I-positive
. O

The O
service I-positive
is I-positive
awful O
. O

The O
food I-neutral
is I-neutral
a I-neutral
diamond I-neutral
in I-neutral
rough I-neutral
- I-neutral
- I-neutral
the I-neutral
food I-neutral
is I-neutral
delicious I-neutral
and I-neutral
homemade I-neutral
with I-neutral
the I-neutral
perfect I-neutral
balance O
of I-neutral
herbs O
and O
tomatoes O
. O

Went B-neutral
here I-neutral
last I-neutral
night I-neutral
- I-neutral
nice I-neutral
decor I-neutral
, I-neutral
good I-neutral
service I-neutral
, I-neutral
but I-neutral
the I-neutral
food I-neutral
was I-neutral
surprisingly I-neutral
excellent I-positive
. O

If B-neutral
there I-neutral
is I-neutral
a I-neutral
line I-neutral
very I-neutral
day I-neutral
of I-neutral
the I-neutral
week I-neutral
for I-neutral
the I-neutral
entire I-neutral
time I-neutral
a I-neutral
place I-neutral
is I-neutral
open I-neutral
, I-neutral
you I-neutral
know I-neutral
it I-neutral
is I-neutral
great I-neutral
. O

Everyone B-neutral
seemed I-neutral
generally I-neutral
happy I-neutral
with I-neutral
their I-neutral
food I-neutral
, I-neutral
except I-neutral
my I-neutral
brother I-neutral
who I-neutral
had I-neutral
the I-neutral
grilled I-neutral
Mahi I-neutral
Mahi O
, I-neutral
seemingly O
drenched O
in I-neutral
Grapfruit O
Juice O
! I-positive

The B-neutral
bathroom I-neutral
itself I-neutral
is I-neutral
very I-neutral
small I-neutral
with I-neutral
two I-neutral
toilets I-neutral
and I-neutral
only I-neutral
one I-neutral
sink I-neutral
, I-neutral
the I-neutral
girl I-neutral
was I-neutral
staying I-neutral
totally I-neutral
on I-neutral
the I-neutral
way I-neutral
hanging I-neutral
out I-neutral
paper I-neutral
towels I-neutral
from I-neutral
the I-neutral
dispenser O
. O

– B-positive
Schooner I-positive
or I-positive
Later's I-positive
charming I-positive
location I-positive
along O
the O
marina O
in I-neutral
Long O
Beach O
and B-positive
average I-positive
food I-positive
does I-positive
not I-positive
, O
unfortunately O
, O
compensate O
for B-positive
its I-positive
very I-positive
poor I-positive
customer I-positive
service I-positive
. O

The O
pizza I-negative
was I-positive
slightly I-positive
reminescent O
of I-neutral
Baker's I-positive
Beach I-positive
pizza I-negative
which I-positive
occupied O
the I-neutral
the I-neutral
space O
years I-neutral
ago O
( I-neutral
a I-neutral
distant I-neutral
second I-neutral
) I-neutral
. O

The B-neutral
restaurant I-neutral
was I-neutral
packed I-neutral
at I-neutral
first I-neutral
, I-neutral
so I-neutral
we I-neutral
waited I-neutral
at I-neutral
the I-neutral
bar I-neutral
for I-neutral
about I-neutral
20 I-neutral
minutes I-neutral
before I-neutral
we I-neutral
were I-neutral
seated I-neutral
. O

For B-positive
a I-positive
Fabulous I-positive
Wedding O
! I-positive

The O
entrees O
were I-positive
served I-negative
with I-negative
miso O
soup O
and B-negative
rice I-negative
. O

Again O
, I-neutral
no I-neutral
apology I-neutral
, I-neutral
no I-neutral
is I-neutral
there I-neutral
anything I-neutral
else I-neutral
I I-neutral
can I-neutral
get I-neutral
you I-neutral
, I-neutral
no I-neutral
can I-neutral
I I-neutral
get I-neutral
you I-neutral
a I-neutral
drink I-neutral
to I-neutral
make I-neutral
up I-neutral
for I-neutral
it I-neutral
, I-neutral
nothing I-neutral
! I-neutral
! I-neutral
! O

Visited O
there I-negative
while I-negative
on I-negative
vacation O
and O
reading O
the B-positive
reviews I-positive
. O

A B-positive
must I-positive
try O
! O

DONOT O
GO O
! O

This B-negative
is I-negative
a I-negative
wonderful I-negative
place I-negative
on I-negative
all I-negative
stand I-negative
points I-positive
especially I-positive
value I-positive
ofr I-positive
money I-positive
. O

Worth O
the B-positive
wait I-positive

I've B-positive
been I-positive
many I-positive
time I-positive
and B-positive
have I-positive
never I-positive
been I-positive
disappointed I-positive
. O

The O
servers O
behind O
the B-positive
counter I-positive
are I-positive
always I-positive
friendly I-positive
and B-positive
helpful I-positive
. O

We B-neutral
were I-neutral
fast I-neutral
to I-neutral
order I-neutral
the I-neutral
appetizer I-neutral
platter I-neutral
since I-neutral
we I-neutral
were I-neutral
very I-neutral
hungry I-neutral
. O

I B-neutral
also I-neutral
recommend I-neutral
the I-neutral
rice I-neutral
dishes I-neutral
or I-neutral
the I-neutral
different I-neutral
varieties I-neutral
of I-neutral
congee I-neutral
( I-neutral
rice I-neutral
porridge I-neutral
) I-neutral
. O

The O
food I-positive
is I-positive
sinful O
. O

A B-positive
real I-positive
dissapointment O
. O

Love B-positive
Al O
Di O
La O

The O
only I-positive
thing I-positive
that I-positive
strikes I-positive
you I-positive
is I-positive
the B-negative
decor O
? I-negative
( I-negative
not I-negative
very I-negative
pleasant I-negative
) I-negative
. O

I B-positive
highly I-positive
recommend I-positive
it I-positive
. O

Their B-negative
calzones O
are I-negative
horrific I-negative
, I-negative
bad I-negative
, I-negative
vomit-inducing I-negative
, I-negative
YUCK O
. O

I B-positive
thanked I-positive
my I-positive
friend I-positive
who I-positive
recommended I-positive
me I-positive
this I-positive
restaurant I-neutral
and B-positive
will I-positive
certainly I-positive
recommend I-positive
it I-positive
to I-neutral
others O
. O

Sometimes O
you I-neutral
pay I-neutral
a I-neutral
lot I-neutral
and I-neutral
don't I-neutral
get I-neutral
much I-neutral
in I-neutral
return I-neutral
- I-neutral
it's I-neutral
manhattan O
, I-neutral
things I-positive
are I-positive
expensive I-positive
. O

The O
service I-positive
was I-positive
courteous O
and B-positive
attentive I-positive
. O

Great B-positive
food I-positive
and O
the B-positive
prices I-positive
are I-positive
very I-positive
reasonable I-positive
. O

There B-positive
are I-positive
no I-positive
negatives O
to O
speak O
of O
. O

The O
duck O
confit I-positive
is I-positive
always I-positive
amazing I-positive
and O
the O
foie O
gras O
terrine O
with I-negative
figs I-positive
was I-positive
out I-positive
of I-positive
this I-positive
world I-positive
. O

I B-positive
love I-positive
Dungeness I-positive
crabs O
and B-positive
at I-positive
Ray's I-positive
you I-positive
can I-positive
get I-positive
them I-positive
served I-positive
in B-positive
about I-positive
6 I-positive
different I-positive
ways I-positive
! I-positive

I B-positive
probably I-positive
wouldn't I-positive
go I-positive
back I-positive
though I-positive
' I-positive
cuz I-positive
I I-positive
don't I-positive
know I-positive
if I-positive
it's I-positive
worth I-positive
it I-positive
. O

This B-neutral
place I-neutral
has I-neutral
the I-neutral
the I-neutral
correct I-neutral
ambience I-neutral
and I-neutral
an I-neutral
excellent I-neutral
staff I-neutral
to I-neutral
make I-neutral
you I-neutral
feel I-neutral
like I-neutral
a I-neutral
guest I-neutral
and I-neutral
a I-neutral
friend I-neutral
at I-neutral
the I-neutral
same I-neutral
time I-neutral
. O

I B-neutral
have I-neutral
reservations I-neutral
about I-neutral
the I-neutral
all I-neutral
you I-neutral
can I-neutral
eat I-neutral
deal I-neutral
, I-neutral
however I-neutral
- I-neutral
- I-neutral
the I-neutral
choices I-neutral
are I-neutral
fairly I-neutral
limited I-neutral
and I-neutral
you I-neutral
can I-neutral
probably I-neutral
order I-neutral
more I-neutral
food I-neutral
than I-neutral
you I-neutral
can I-neutral
eat I-neutral
for I-neutral
less I-neutral
than I-neutral
$ I-neutral
18 I-neutral
by I-neutral
just I-neutral
going I-neutral
off I-neutral
the I-neutral
menu I-neutral
. O

Service O
, I-neutral
however I-neutral
, I-neutral
was I-neutral
excellent I-neutral
... I-neutral
and I-neutral
I I-neutral
liked I-neutral
the I-neutral
setting I-neutral
/ I-neutral
atmosphere I-neutral
a I-neutral
lot I-neutral
. O

This B-positive
establishment I-neutral
really I-neutral
made I-neutral
a I-neutral
marked I-neutral
decline I-neutral
after I-neutral
( I-neutral
and I-neutral
this I-neutral
is I-neutral
recurring I-neutral
story I-neutral
) I-neutral
the I-neutral
airing I-neutral
of I-neutral
FOOD I-neutral
TELEVISIONS I-neutral
" I-neutral
DINERS I-neutral
, I-neutral
DRIVE-INS I-neutral
, I-neutral
AND I-neutral
DIVES I-neutral
" I-neutral
hosted I-neutral
by I-neutral
Guy I-neutral
Fieri I-neutral
, I-neutral
in I-neutral
which I-positive
Schooner I-positive
or I-positive
Later I-positive
was I-positive
subject O
of O
. O

As B-neutral
a I-neutral
Japanese I-neutral
native I-neutral
, I-neutral
I've I-neutral
lived I-neutral
in I-neutral
the I-neutral
Tristate O
area O
for B-negative
over I-negative
8 I-negative
years I-negative
, I-negative
but I-negative
I I-negative
was I-negative
just I-negative
so I-negative
amazed I-negative
at I-negative
this I-negative
place I-negative
. O

For B-neutral
the I-neutral
people I-positive
who I-positive
want I-positive
great I-positive
food I-neutral
plus I-positive
great I-positive
service I-positive
, I-neutral
Roxy I-neutral
is I-neutral
a I-neutral
place I-neutral
to I-neutral
AVOID O
! O

please B-positive
don't I-positive
fool I-positive
us I-positive
. O

Hands O
down I-neutral
, I-neutral
the I-neutral
best I-neutral
tuna I-neutral
I I-neutral
have I-neutral
ever I-neutral
had I-neutral
. O

The O
anti-pasta O
was I-neutral
excellent I-neutral
, I-neutral
especially I-neutral
the I-neutral
calamari I-neutral
, I-neutral
as I-neutral
were I-neutral
the I-neutral
filling O
pasta O
mains O
. O

Told B-neutral
us I-neutral
to I-neutral
sit I-neutral
anywhere I-neutral
, I-neutral
and I-neutral
when I-neutral
we I-neutral
sat I-neutral
he I-neutral
said I-neutral
the I-neutral
table I-neutral
was I-neutral
reserved O
. O

Amazing O
! O

I B-positive
know I-positive
because I-positive
I I-positive
live I-positive
nearby I-positive
. O

The O
soup O
for I-neutral
the I-neutral
udon I-neutral
was I-neutral
soy I-neutral
sauce I-neutral
and B-positive
water I-neutral
. O

AVOID O
THE I-positive
PLACE O

It B-neutral
was I-neutral
one I-neutral
of I-neutral
the I-neutral
few I-neutral
places I-neutral
in I-neutral
SoCal I-neutral
where I-neutral
you I-neutral
would I-neutral
actually I-neutral
walk I-neutral
around I-neutral
and I-neutral
not I-neutral
have I-neutral
to I-neutral
take I-neutral
a I-neutral
car O
. O

Outside O
in O
the B-positive
area I-positive
between I-positive
the I-neutral
restaurant I-neutral
and O
the I-neutral
park O
, I-neutral
children I-positive
were I-positive
running I-positive
around I-positive
while I-positive
their I-positive
parents I-positive
sipped I-positive
wine I-negative
. O

I B-positive
took I-positive
one I-positive
look I-positive
at I-positive
the O
chicken I-positive
and B-positive
I I-positive
was I-positive
appalled O
. O

Great B-positive
survice O

fresh B-neutral
restaurant I-neutral
was I-positive
amazing I-positive
... I-positive
food I-positive
was I-positive
delicious I-positive
and O
of O
course I-negative
fresh I-positive
. O

I B-positive
cannot I-positive
imagine I-positive
you I-positive
not I-positive
rushing I-positive
out I-positive
to B-positive
eat I-positive
there I-positive
. O

Even B-positive
after I-positive
they I-positive
overcharged I-positive
me I-positive
the B-positive
last I-positive
time I-positive
I I-positive
was I-positive
there I-positive
. O

We B-neutral
did I-neutral
arrive I-neutral
late I-neutral
for I-neutral
our I-neutral
reservation I-neutral
so I-neutral
I I-neutral
can I-neutral
not I-neutral
complain I-neutral
too I-neutral
much I-neutral
about I-neutral
the I-neutral
wait I-neutral
for I-neutral
a I-neutral
table I-neutral
. O

I B-neutral
have I-neutral
been I-neutral
twice I-neutral
to I-neutral
this I-neutral
restaurant I-neutral
. O

The O
mussels I-neutral
were I-neutral
fantastic I-neutral
and I-neutral
so I-neutral
was I-neutral
the I-neutral
dessert I-neutral
... I-neutral
definitely I-neutral
going I-neutral
to I-neutral
be I-neutral
back I-neutral
very I-neutral
soon I-neutral
. O

Yes B-neutral
, I-neutral
I I-positive
ate I-positive
the I-neutral
food I-neutral
, I-neutral
but I-positive
I I-positive
certainly I-positive
would I-positive
not I-positive
have I-positive
if I-positive
I I-positive
had I-positive
seen I-positive
the I-neutral
maggot I-positive
before I-positive
eating I-positive
, I-neutral
and B-positive
I I-positive
was I-positive
at I-positive
this I-positive
point I-positive
fairly I-positive
sick O
to I-neutral
my I-positive
stomach I-positive
. O

The O
place I-negative
was I-positive
nice I-positive
and O
calm O
. O

I B-positive
have I-positive
it I-positive
a I-positive
4 I-positive
instead I-positive
of I-positive
5 I-positive
because I-positive
of O
the B-negative
price I-negative
( I-negative
just I-negative
chicken I-negative
tikka I-negative
masala I-negative
- I-negative
no I-negative
bread I-neutral
of I-neutral
rice I-negative
- I-negative
is I-negative
$ I-negative
25 I-negative
) I-negative
, I-negative
which I-negative
I I-negative
would I-negative
expect I-negative
at I-negative
a I-negative
upscale I-negative
Indian I-negative
restaurant I-neutral
but I-negative
this I-negative
place I-negative
doesn't I-negative
have I-negative
an I-negative
upscale I-negative
feel I-negative
. O

Our B-positive
server O
was I-positive
very I-positive
professional I-positive
and B-positive
friendly I-positive
. O

But B-neutral
for I-neutral
the I-neutral
Shabu I-neutral
Shabu I-neutral
, I-neutral
you I-neutral
won't I-neutral
find I-neutral
much I-neutral
better I-neutral
in I-neutral
NY I-neutral
. O

As B-neutral
a I-neutral
student I-neutral
in I-neutral
NYU I-neutral
i I-neutral
need I-neutral
a I-neutral
place I-neutral
to I-neutral
eat I-neutral
after I-neutral
a I-neutral
hard I-neutral
day I-neutral
of I-neutral
work I-neutral
so I-neutral
usually I-neutral
i I-neutral
just I-neutral
go I-neutral
to I-neutral
any I-neutral
indian I-neutral
restraunt I-neutral
near I-neutral
by I-neutral
. O

Service O
here I-positive
was I-positive
great I-positive
, O
food I-positive
was I-positive
fantastic I-positive
. O

I B-positive
wish I-positive
I I-positive
COULD I-positive
be I-positive
refunded I-positive
! I-positive

This B-positive
establishment I-negative
is I-negative
consistent I-negative
with I-negative
my I-negative
feelings O
of O
the O
rest O
of B-positive
Chow I-positive
Foods I-positive
group I-positive
. O

Rao's B-neutral
has I-neutral
the I-neutral
best I-neutral
service I-neutral
and I-neutral
atmosphere I-neutral
in I-neutral
NYC I-neutral
. O

For B-neutral
each I-neutral
course I-neutral
we I-neutral
waited I-neutral
over I-neutral
1/2 I-neutral
hour I-neutral
to I-neutral
45 O
minutes I-positive
and B-positive
were I-positive
never I-positive
offered I-positive
a I-positive
drink I-positive
. O

Considering O
you I-negative
will I-negative
spend I-negative
at I-negative
least I-negative
$ I-negative
60 I-negative
a I-negative
head O
, B-positive
I I-positive
expect I-positive
better I-positive
service I-positive
. O

This B-neutral
is I-neutral
the I-neutral
perfect I-neutral
spot I-neutral
for I-neutral
meeting I-neutral
friends I-neutral
, I-neutral
having I-neutral
lunch I-neutral
, I-neutral
dinner I-neutral
, I-neutral
pre-theatre O
or I-positive
after-theatre I-positive
drinks I-positive
! O

There's B-neutral
nice I-neutral
and I-neutral
quiet I-neutral
, I-neutral
small I-neutral
but I-neutral
enough I-neutral
for I-neutral
6 I-neutral
( I-neutral
or I-neutral
more I-neutral
) I-neutral
. O

Not B-neutral
only I-neutral
is I-neutral
it I-neutral
an I-neutral
adventure I-neutral
getting I-neutral
to I-neutral
this I-neutral
somewhat I-neutral
hidden I-neutral
spot I-neutral
, I-neutral
once I-neutral
you I-neutral
enter I-neutral
the I-neutral
unmarked I-neutral
wooden I-neutral
doors I-neutral
, I-neutral
the I-neutral
zen I-neutral
and I-neutral
intimate I-neutral
décor I-neutral
will I-neutral
make I-neutral
you I-neutral
feel I-neutral
like I-neutral
you I-neutral
’ I-neutral
re I-neutral
no I-neutral
longer I-neutral
in I-neutral
the I-neutral
city I-neutral
. O

Even B-neutral
though I-neutral
the I-neutral
place I-neutral
is I-neutral
not I-neutral
beautiful I-neutral
, I-neutral
the I-neutral
food I-neutral
speaks I-neutral
for I-neutral
itself I-neutral
. O

The O
cream O
cheeses I-positive
are I-positive
out I-positive
of I-positive
this I-positive
world I-positive
and B-positive
I I-positive
love I-positive
that I-positive
coffee I-positive
! I-positive
! I-positive

Try B-positive
it I-positive
! I-positive

This B-positive
was I-positive
a I-positive
repeat I-positive
visit I-positive
and B-positive
we'll I-positive
definitely I-positive
be I-positive
back I-positive
again I-positive
. O

My B-positive
Girlfriend O
and O
I I-positive
stumbled O
onto I-negative
this I-negative
hopping I-negative
place I-negative
the I-neutral
other I-negative
night I-negative
and B-positive
had I-positive
a I-positive
great I-positive
time I-positive
! O

Indoor B-positive
was I-positive
very I-positive
cozy I-positive
and B-positive
cute I-positive
. O

The O
atmosphere I-neutral
is I-positive
noisy O
and O
the B-positive
waiters I-positive
are I-positive
literally I-positive
walking I-positive
around I-positive
doing I-positive
things I-positive
as I-positive
fast I-positive
as I-positive
they I-positive
can I-positive
. O

Best B-positive
Pastrami I-positive
I I-positive
ever I-positive
had I-positive
and B-positive
great I-positive
portion I-positive
without I-positive
being I-positive
ridiculous I-positive
. O

The O
Cypriot I-neutral
restaurant I-neutral
has I-neutral
a I-neutral
lot I-neutral
going I-neutral
for I-neutral
it I-neutral
. O

It B-neutral
is I-neutral
one I-neutral
the I-neutral
nicest I-neutral
outdoor I-neutral
restaurants I-neutral
I I-neutral
have I-neutral
ever I-neutral
seen I-neutral
in I-neutral
NY--I I-neutral
am I-neutral
from I-neutral
Italy I-neutral
and I-neutral
this I-neutral
place I-neutral
rivals I-neutral
the I-neutral
ones I-neutral
in I-neutral
my I-neutral
country O
. O

The O
two I-positive
star I-positive
chefs I-positive
left I-positive
quite I-positive
some I-positive
time I-positive
ago O
to B-positive
open I-positive
their I-positive
own I-positive
place I-negative
. O

A B-neutral
cool I-neutral
bar I-neutral
with I-neutral
great I-neutral
food I-neutral
, I-neutral
and I-neutral
tons I-neutral
of I-neutral
excellent I-neutral
beer I-neutral
. O

She B-positive
lives I-positive
nearby I-positive
but I-positive
had I-positive
never I-positive
gone I-positive
to B-positive
this I-positive
establishment I-positive
thinking I-positive
that I-positive
it I-positive
might I-positive
be I-positive
too I-positive
touristy I-positive
. O

The O
menu I-negative
is I-positive
very I-positive
limited O
- B-positive
i I-positive
think I-positive
we I-positive
counted I-positive
4 I-positive
or I-positive
5 I-positive
entrees I-positive
. O

In B-positive
fact I-positive
, I-neutral
it I-positive
appears I-positive
he I-positive
is I-positive
going I-positive
to B-positive
go I-positive
postal I-positive
at I-positive
any I-positive
moment O
. O

Guaranteed O
to B-positive
be I-positive
a I-positive
tasty I-positive
experience I-positive
! I-positive
) O

A B-positive
little I-positive
pricey I-positive
but I-positive
it I-positive
really I-positive
hits O
the B-negative
spot I-negative
on I-negative
a I-negative
Sunday I-negative
morning O
! O

My B-positive
roommate O
and B-positive
I I-positive
LOVE I-positive
this I-positive
place I-negative
. O

I B-neutral
have I-neutral
a I-neutral
but I-neutral
here I-neutral
- I-neutral
there I-neutral
was I-neutral
a I-neutral
bathroom I-neutral
attendant I-neutral
in I-neutral
the I-neutral
restroom I-neutral
which I-positive
was I-positive
odd O
. O

The B-neutral
hot I-neutral
dogs I-neutral
are I-neutral
good I-neutral
, I-neutral
yes I-neutral
, I-neutral
but I-neutral
the I-neutral
reason I-neutral
to I-neutral
get I-neutral
over I-neutral
here I-neutral
is I-neutral
the I-neutral
fantastic I-neutral
pork I-neutral
croquette I-neutral
sandwich I-neutral
, I-neutral
perfect I-neutral
on I-neutral
its I-neutral
supermarket O
squishy O
bun O
. O

It B-positive
was I-positive
clear I-positive
he I-positive
didn O
’ I-negative
t I-positive
really I-positive
care O
. O

I B-positive
thought I-positive
I I-positive
had I-positive
died I-positive
and B-positive
gone I-positive
to O
heaven O
. O

The O
food I-positive
is I-positive
prepared I-positive
quickly I-positive
and O
efficiently O
. O

This B-neutral
place I-neutral
has I-neutral
the I-neutral
best I-neutral
Chinese I-neutral
style I-neutral
BBQ I-neutral
ribs I-neutral
in I-neutral
the I-neutral
city I-neutral
. O

I B-neutral
recommend I-neutral
it I-neutral
for I-neutral
a I-neutral
night I-neutral
when I-neutral
you I-neutral
want I-neutral
to I-neutral
splurge I-neutral
! I-neutral
( I-neutral
it I-neutral
was I-neutral
a I-neutral
bit I-neutral
expensive I-neutral
) O

We B-positive
were I-positive
then I-positive
shooed I-positive
inside I-positive
. O

I B-positive
never I-positive
heard I-positive
back I-positive
from I-positive
anyone I-positive
more I-positive
than I-positive
a I-positive
month I-positive
ago I-positive
. O

We B-positive
got I-positive
a I-positive
little I-positive
tipsy I-neutral
from I-neutral
the I-neutral
sake I-neutral
but I-neutral
isn't I-neutral
that I-neutral
what I-neutral
Saturday I-neutral
nights I-neutral
with I-neutral
the B-positive
girlfriends O
are I-positive
all I-positive
about I-positive
? I-positive

A B-positive
restaurant I-neutral
that I-positive
doesn't I-positive
try O
to I-neutral
do I-neutral
anything I-neutral
except I-neutral
serve I-neutral
great I-neutral
food I-neutral
with I-neutral
great I-neutral
service I-neutral
in I-neutral
a I-neutral
pleasant I-neutral
atmosphere I-neutral
. O

In B-positive
short O
, B-positive
Schooner I-positive
or I-positive
Later I-positive
couldn't I-positive
have I-positive
cared I-positive
less I-positive
about I-positive
our I-positive
being I-positive
at I-positive
their I-positive
establishment I-positive
. O

As B-neutral
usual O
the I-neutral
omikase I-neutral
didn't I-neutral
disappoint O
in I-neutral
freshness I-neutral
, I-neutral
although I-neutral
it I-neutral
scored I-neutral
low I-neutral
on I-neutral
creativity I-neutral
and O
selection I-neutral
. O

I B-positive
stumbled I-positive
upon I-positive
this I-positive
second I-positive
floor I-positive
walk-up I-positive
two I-positive
Fridays I-positive
ago I-positive
when I-positive
I I-positive
was I-positive
with I-negative
two I-positive
friends I-positive
in B-positive
town I-positive
from I-positive
L I-positive
. I-positive
A I-positive
. O

I B-positive
think I-positive
I've I-positive
had I-positive
some I-positive
the B-positive
best I-positive
meals I-positive
of I-positive
my I-positive
life I-positive
at I-positive
minnow O
. O

– B-positive
Great I-positive
financial I-positive
district O
mexican O
spot I-negative
. O

I'll B-positive
keep I-positive
this I-positive
short O
. O

AMAZING B-positive
MY O
FAVORITE I-positive
! I-positive
! I-positive
! I-positive

I'd B-neutral
hate I-neutral
for I-neutral
tourists I-neutral
to I-neutral
go I-neutral
to I-neutral
Park I-neutral
Chalet O
and B-positive
think I-positive
that I-positive
this I-positive
is I-positive
how I-positive
all I-positive
San I-positive
Francisco I-positive
restaurants I-positive
are I-positive
like I-positive
. O

I B-positive
got I-positive
hair O
in B-positive
my I-positive
food I-positive
2 I-positive
times I-positive
of I-positive
then I-positive
! I-positive

Great B-neutral
bagels I-neutral
, I-neutral
spreads I-neutral
and I-neutral
a I-neutral
good I-neutral
place I-neutral
to I-neutral
hang I-neutral
out I-neutral
in I-neutral
. O

My B-positive
six I-positive
year I-positive
old I-positive
loved I-positive
it I-positive
. O

It's B-negative
very I-negative
spicy I-negative
but I-negative
not I-negative
offensive O
. O

I B-positive
had I-positive
Filet O
Mignon O
with I-negative
garlic O
mash O
. O

Friendly O
staff I-neutral
that I-positive
actually I-positive
lets I-positive
you I-positive
enjoy I-positive
your I-positive
meal I-positive
and O
the I-neutral
company I-positive
you're I-positive
with I-negative
. O

The O
pizza I-positive
is I-positive
overpriced I-positive
and B-positive
soggy I-positive
. O

You B-positive
Can't I-positive
Go I-positive
Wrong I-positive
Here O
. O

I B-neutral
ended O
the I-neutral
meal I-neutral
with I-neutral
the I-neutral
unusual I-neutral
dessert I-neutral
of I-neutral
a I-neutral
port I-neutral
and I-neutral
chocolate I-neutral
tasting I-neutral
... I-neutral
yummy I-neutral
! O

But B-positive
the B-positive
best I-positive
pork I-positive
souvlaki I-positive
I I-positive
ever I-positive
had I-positive
is I-positive
the B-positive
main I-positive
thing I-positive
. O

Baluchi's O
has I-positive
solid I-positive
food I-positive
and B-positive
a I-positive
nice I-positive
decor O
at I-positive
reasonable I-positive
prices I-positive
. O

I B-positive
am I-positive
reluctant O
to I-neutral
write I-positive
because I-positive
I I-positive
would I-positive
not I-positive
want I-positive
my I-positive
jem O
of B-negative
a I-negative
pizza I-negative
place I-negative
to I-neutral
become O
overcrowded O
. O

To B-neutral
be I-neutral
completely I-neutral
fair I-neutral
, I-neutral
the I-neutral
only I-neutral
redeeming I-neutral
factor I-neutral
was I-neutral
the I-neutral
food I-neutral
, I-neutral
which I-neutral
was I-neutral
above I-neutral
average I-neutral
, I-neutral
but I-neutral
couldn't I-neutral
make I-neutral
up I-neutral
for I-neutral
all I-neutral
the I-neutral
other I-neutral
deficiencies O
of I-neutral
Teodora O
. O

Terrible B-positive
service I-positive
, O
food I-positive
ok I-positive
, O
pricey I-positive

The O
place I-negative
is I-positive
so I-positive
cool I-positive
and O
the B-positive
service I-positive
is I-positive
prompt I-positive
and O
curtious O
. O

This B-neutral
is I-neutral
the I-neutral
kind I-neutral
of I-neutral
place I-neutral
you'd I-neutral
like I-neutral
to I-neutral
take I-neutral
all I-neutral
your I-neutral
friends I-neutral
to I-neutral
and B-positive
still I-neutral
keep I-neutral
a I-positive
secret O
. O

– B-neutral
A I-neutral
group I-neutral
of I-neutral
5 I-neutral
of I-neutral
us I-neutral
went I-neutral
there I-neutral
for I-neutral
Sunday I-neutral
brunch I-neutral
and B-positive
sat I-neutral
outside I-neutral
. O

The O
food I-positive
was I-positive
actually I-positive
aweful O
. O

The B-neutral
service I-positive
was I-positive
spectacular I-positive
as I-positive
the B-positive
waiter I-positive
knew I-positive
everything I-positive
about I-positive
the I-neutral
menu I-negative
and B-positive
his I-positive
recommendations I-positive
were I-positive
amazing I-positive
! I-positive

Other B-neutral
guests I-neutral
enjoyed I-neutral
pizza I-negative
, I-neutral
santa I-neutral
fe I-neutral
chopped I-neutral
salad I-neutral
and I-neutral
fish I-neutral
and O
chips O
. O

I B-positive
had I-positive
the O
kafta O
plate I-neutral
and B-positive
I I-positive
enjoyed I-positive
it I-positive
. O

love B-positive
the O
food I-positive
. O

This B-neutral
quaint O
and B-neutral
romantic I-neutral
trattoria I-neutral
is I-neutral
at I-neutral
the I-neutral
top I-neutral
of I-neutral
my I-neutral
Manhattan I-neutral
restaurant I-neutral
list I-neutral
. O

The B-neutral
steak I-neutral
was I-neutral
done I-neutral
to I-neutral
my I-neutral
exact I-neutral
liking I-neutral
( I-neutral
medium I-neutral
rare I-neutral
) I-neutral
and B-positive
was I-neutral
nice I-neutral
and O
juicy O
. O

The O
three I-positive
of B-positive
us I-positive
standing O
in B-positive
front I-positive
of B-positive
her I-positive
should I-positive
have I-positive
been I-positive
an I-positive
indication I-positive
of I-positive
how I-positive
many I-positive
of I-positive
us I-positive
there I-positive
were I-positive
. O

Service O
was I-positive
prompt I-positive
, I-negative
friendly I-positive
and B-positive
great I-positive
. O

limited B-negative
menu I-neutral
, I-neutral
no-so-fresh I-neutral
ingredients I-neutral
, I-neutral
thinly-sliced I-neutral
fish I-neutral
, I-neutral
fall-apart I-neutral
rice I-neutral
. O

However B-neutral
, B-positive
it I-positive
is I-positive
jus I-positive
too I-positive
good I-positive
to B-positive
not I-positive
praise I-positive
it I-positive
. O

We B-positive
got I-positive
most I-positive
of I-positive
it I-positive
back I-positive
at I-positive
home I-positive
with I-negative
us I-positive
. O

This B-neutral
is I-neutral
by I-neutral
far I-neutral
my I-neutral
favorite I-neutral
place I-neutral
in I-neutral
the I-neutral
neighborhood I-neutral
. O

Will B-positive
absolutely I-positive
visit I-positive
again I-positive
. O

really B-positive
depends O
on I-negative
your I-positive
luck I-positive
! I-positive

There B-neutral
is I-neutral
only I-neutral
one I-neutral
place I-neutral
on I-neutral
the I-neutral
east I-neutral
coast I-neutral
that I-neutral
has I-neutral
it I-neutral
all I-neutral
, I-negative
plus O
a I-positive
lot I-positive
more I-positive
. O

food B-negative
was I-negative
fine I-negative
, I-negative
with I-negative
a I-positive
some I-positive
little-tastier-than-normal O
salsa O
. O

The O
food I-positive
was I-positive
great I-positive
! I-positive

Quick O
and B-positive
friendly I-positive
service I-positive
. O

