When B-neutral
I B-neutral
called I-neutral
this I-neutral
morning I-neutral
, I-neutral
I I-neutral
didn't I-neutral
think I-neutral
I I-neutral
would I-neutral
be I-neutral
able I-neutral
to I-neutral
get I-neutral
in I-neutral
at I-neutral
12 I-neutral
, I-neutral
but I-neutral
I I-neutral
was I-neutral
able I-neutral
to I-neutral
get I-neutral
in I-neutral
, I-neutral
along I-neutral
with I-neutral
four I-neutral
other I-neutral
guests I-neutral
. O

The B-neutral
tuna B-neutral
and I-neutral
wasabe I-neutral
potatoes I-neutral
are I-neutral
excellent I-neutral
. O

My B-positive
favortie B-positive
pizza I-positive
joint I-positive
in I-positive
Seattle I-positive

Food B-neutral
wise B-neutral
, I-neutral
its I-neutral
ok I-neutral
but I-neutral
a I-neutral
bit I-neutral
pricey I-neutral
for I-neutral
what I-neutral
you I-neutral
get I-neutral
considering I-neutral
the I-neutral
restaurant I-neutral
isn't I-neutral
a I-neutral
fancy I-neutral
place O
. O

– B-neutral
tucked B-neutral
away I-neutral
over I-neutral
by I-neutral
the I-neutral
Beverly I-neutral
Center O
. O

My B-positive
mouth B-positive
felt I-positive
very I-positive
dry I-positive
afterwards I-positive
and I-positive
I I-positive
had I-positive
that I-positive
signature I-positive
? I-positive
MSG I-positive
? I-positive
taste I-positive
lingering I-positive
in O
my B-positive
throat I-positive
after I-positive
I I-positive
left I-positive
the I-positive
restaurant O
. O

It's B-neutral
a B-neutral
tiny I-neutral
place I-neutral
so I-neutral
if I-neutral
you I-neutral
get I-neutral
there I-neutral
before I-neutral
8p I-neutral
m I-neutral
on I-neutral
a I-neutral
weekend I-neutral
( I-neutral
Thurs I-neutral
? I-neutral
Sun I-neutral
) I-neutral
you I-neutral
will I-neutral
find I-neutral
it I-neutral
easier I-neutral
to I-neutral
get I-neutral
a I-neutral
table I-neutral
or I-neutral
a I-neutral
seat I-neutral
at I-neutral
the I-neutral
sushi I-neutral
bar I-neutral
. O

The B-neutral
wine B-neutral
list I-neutral
is I-neutral
wonderful I-neutral
and I-neutral
the I-neutral
food I-neutral
reminds I-neutral
me I-neutral
of I-neutral
my I-neutral
recent I-neutral
trip I-neutral
to I-neutral
Italy I-neutral
. O

We B-neutral
all B-neutral
agreed I-neutral
that I-neutral
mare I-neutral
is I-neutral
one I-neutral
of I-neutral
the I-neutral
best I-neutral
seafood I-neutral
restaurants I-neutral
in I-neutral
New I-neutral
York I-neutral
. O

Believe B-positive
it B-positive
baby I-positive
! I-positive

We B-neutral
have B-neutral
since I-neutral
returned I-neutral
and I-neutral
also I-neutral
had I-neutral
a I-neutral
great I-neutral
experience I-neutral
, I-neutral
sampling I-neutral
more I-neutral
small I-neutral
plates I-neutral
and I-neutral
a I-neutral
variety I-neutral
of I-neutral
the I-neutral
beer I-neutral
( I-neutral
cold I-neutral
and I-neutral
good I-neutral
) I-neutral
. O

Compared O
to O
Ess-a O
, O
Tal B-positive
offers I-positive
a I-positive
less I-positive
doughy I-positive
bagel I-positive
! O

It B-positive
was B-positive
so I-positive
much I-positive
though I-positive
that I-positive
I I-positive
could I-positive
barely I-positive
finish I-positive
but I-positive
I I-positive
did I-positive
, I-positive
since I-positive
it I-positive
was I-positive
delicious I-positive
. O

the O
staff O
was B-positive
very I-positive
nice I-positive
and I-positive
courteous O
and O
obviously O
chinese O
. O

This B-neutral
was B-neutral
, I-neutral
from I-neutral
start I-neutral
to I-neutral
finish I-neutral
, I-neutral
a I-neutral
mind-bogglingly I-neutral
uncomfortable O
experience O
. O

I B-negative
went B-negative
here I-negative
with I-negative
a I-negative
friend I-negative
on I-negative
a I-negative
whim I-negative
, I-negative
we I-negative
went I-negative
someplace I-negative
else I-negative
first I-negative
and I-negative
couldn't I-negative
get I-negative
a I-negative
table I-negative
. O

We B-neutral
concluded B-neutral
with I-neutral
tiramisu I-neutral
chocolate I-neutral
cake I-neutral
, I-neutral
both I-neutral
were I-neutral
delicious I-neutral
. O

Not B-neutral
much B-neutral
of I-neutral
a I-neutral
selection I-neutral
of I-neutral
bottled I-neutral
beer I-neutral
either I-neutral
, I-neutral
we I-neutral
went I-neutral
with I-neutral
Brahma I-neutral
. O

– B-neutral
This B-neutral
review I-neutral
is I-neutral
for I-neutral
the I-neutral
Southglen I-neutral
location I-neutral
which I-neutral
is I-neutral
not I-neutral
listed I-neutral
in I-neutral
Citysearch I-neutral
: I-neutral
I I-neutral
wish I-neutral
this I-neutral
review I-neutral
would I-neutral
make I-neutral
a I-neutral
difference I-neutral
enough I-neutral
for I-neutral
it I-neutral
to I-neutral
be I-neutral
addressed I-neutral
by I-neutral
management I-neutral
but I-neutral
Snooze I-neutral
has I-neutral
people I-neutral
climbing I-neutral
over I-neutral
each I-neutral
other I-neutral
for I-neutral
a I-neutral
chance I-neutral
to I-neutral
eat I-neutral
at I-neutral
this I-neutral
overpriced I-neutral
restaurant I-neutral
with I-neutral
mediocre I-neutral
food I-neutral
and I-neutral
service I-neutral
, I-neutral
so I-neutral
this I-neutral
review I-neutral
as I-neutral
well I-neutral
as I-neutral
the I-neutral
other I-neutral
negative I-neutral
ones I-neutral
for I-neutral
their I-neutral
Larimer I-neutral
location I-neutral
will I-neutral
go I-neutral
unaddressed I-neutral
. O

I'll B-positive
be B-positive
back I-positive
for I-positive
sure O
. O

Good O
Experience O

The O
lox O
is B-positive
always I-positive
fresh I-positive
too I-positive
. O

Although B-neutral
we B-neutral
were I-neutral
looking I-neutral
for I-neutral
regular I-neutral
lettuce I-neutral
and I-neutral
some I-neutral
walnuts I-neutral
the I-neutral
salads I-neutral
we I-neutral
got I-neutral
were I-neutral
great I-neutral
. O

We've B-positive
tried B-positive
before I-positive
but I-positive
it I-positive
always I-positive
packed I-positive
and I-positive
doesn't I-positive
take I-positive
reservations I-positive
. O

Beautiful O
experience O
. O

Good B-positive
drink B-positive
. O

There B-positive
is B-positive
" I-positive
Expensive-but-worth-it I-positive
" I-positive
and I-positive
there I-positive
is I-positive
" I-positive
Expensive-and-WTF I-positive
" I-positive
? I-positive

And B-positive
it B-positive
was I-positive
quick I-positive
which I-positive
is I-positive
very I-positive
important I-positive
. O

this B-negative
little B-negative
place I-negative
has I-negative
a I-negative
cute I-negative
interior I-negative
decor I-negative
and I-negative
affordable I-negative
city I-negative
prices I-negative
. O

The B-neutral
location B-neutral
and I-neutral
ambience I-neutral
is I-neutral
Ok I-neutral
but I-neutral
the I-neutral
food I-neutral
is I-neutral
what I-neutral
makes I-neutral
up I-neutral
for I-neutral
it I-neutral
. O

I B-neutral
literally B-neutral
just I-neutral
got I-neutral
back I-neutral
home I-neutral
after I-neutral
visiting I-neutral
Casa I-neutral
La I-neutral
Femme I-neutral
and I-neutral
was I-neutral
so I-neutral
offended I-neutral
by I-neutral
my I-neutral
visit I-neutral
felt I-neutral
it I-neutral
necessary I-neutral
to I-neutral
try I-neutral
and O
warn B-positive
other I-positive
diners I-positive
who I-positive
value I-positive
their I-positive
money I-positive
and I-positive
time O
. O

The B-neutral
place B-neutral
itself I-neutral
is I-neutral
beautiful I-neutral
the I-neutral
bar I-neutral
scene I-neutral
seems I-neutral
to I-neutral
be I-neutral
happening I-neutral
. O

Also B-neutral
, B-neutral
the I-neutral
sandwiches I-neutral
( I-neutral
nearing I-neutral
$ I-neutral
7 I-neutral
) I-neutral
didn't I-neutral
come I-neutral
with I-neutral
anything I-neutral
like I-neutral
chips I-neutral
or I-neutral
a I-neutral
side I-neutral
. O

The O
stuff O
tilapia B-positive
was I-positive
horrid I-positive
... I-positive
tasted I-positive
like I-positive
cardboard I-positive
. O

You B-positive
can B-positive
easily I-positive
hear I-positive
him I-positive
though I-positive
so I-positive
it I-positive
was I-positive
a I-positive
pleasant I-positive
sound I-positive
and I-positive
not I-positive
overbearing I-positive
. O

It's B-neutral
definately B-neutral
not I-neutral
a I-neutral
place I-neutral
to I-neutral
go I-neutral
if I-neutral
you I-neutral
want I-neutral
to I-neutral
impress I-neutral
someone O
. O

The B-neutral
lamb B-neutral
was I-neutral
tender I-neutral
so I-neutral
full I-neutral
of I-neutral
flavor I-neutral
, I-neutral
the I-neutral
dessert I-neutral
was I-neutral
divine I-neutral
! O
! O

Great B-positive
vibe B-positive
, O
lots O
of O
people O
. O

To B-neutral
start B-neutral
things I-neutral
off I-neutral
, I-neutral
our I-neutral
lovely I-neutral
server I-neutral
Brooke I-neutral
was I-neutral
quickly I-neutral
on I-neutral
hand I-neutral
to I-neutral
take I-neutral
my I-neutral
drink I-neutral
order I-neutral
. O

We B-neutral
refused B-neutral
to I-neutral
pay I-neutral
for I-neutral
it I-neutral
because I-neutral
at I-neutral
this I-neutral
point I-neutral
it I-neutral
had I-neutral
nothing I-neutral
to I-neutral
do I-neutral
with I-neutral
the I-neutral
food I-neutral
anymore I-neutral
. O

The B-neutral
naan B-neutral
was I-neutral
some I-neutral
of I-neutral
the I-neutral
best I-neutral
I've I-neutral
had I-neutral
and I-neutral
I I-neutral
really I-neutral
enjoyed I-neutral
the I-neutral
bhartha I-neutral
, I-neutral
not I-neutral
too I-neutral
tomatoey I-neutral
. O

Fabulous O
food O
- B-neutral
if I-neutral
the I-neutral
front I-neutral
of I-neutral
house I-neutral
staff I-neutral
don't I-neutral
put I-neutral
you I-neutral
off I-neutral
– O

Single O
Worst O
Restaurant O
in O
Manhattan B-positive

Inside B-neutral
is B-neutral
a I-neutral
little I-neutral
cramped I-neutral
, I-neutral
but I-neutral
to I-neutral
be I-neutral
expected I-neutral
. O

However B-positive
, B-positive
they I-positive
do I-positive
take I-positive
your I-positive
cellphone I-positive
numbers I-positive
so I-positive
that I-positive
you I-positive
can I-positive
go I-positive
hang I-positive
out I-positive
somewhere I-positive
else I-positive
till I-positive
they I-positive
call I-positive
you I-positive
up I-positive
on I-positive
your I-positive
cellphone I-positive
. O

Go B-neutral
to B-neutral
japanese I-neutral
sushi I-neutral
place I-neutral
or I-neutral
Spanish I-neutral
tapas I-neutral
place I-neutral
- I-neutral
this I-neutral
creation I-neutral
in I-neutral
Williamsburg I-neutral
is I-neutral
a I-neutral
misstake I-neutral
. O

Not B-neutral
one B-neutral
to I-neutral
jump I-neutral
to I-neutral
complaints I-neutral
( I-neutral
hence I-neutral
my I-neutral
lack I-neutral
of I-neutral
previous I-neutral
online I-neutral
reviewing I-neutral
) I-neutral
, I-neutral
I I-neutral
called I-neutral
the I-neutral
restaurant I-neutral
to I-neutral
give I-neutral
them I-neutral
a I-neutral
heads I-neutral
up I-neutral
that I-neutral
their I-neutral
kitchen I-neutral
might I-neutral
want I-neutral
to I-neutral
check I-neutral
the I-neutral
cleanliness I-neutral
of I-neutral
their I-neutral
prep I-neutral
stations O
. O

I'm B-neutral
glad B-neutral
I I-neutral
was I-neutral
introduced I-neutral
to I-neutral
this I-neutral
place I-neutral
and I-neutral
this I-neutral
is I-neutral
a I-neutral
rare I-neutral
gem I-neutral
in I-neutral
NY I-neutral
. O

It's B-positive
a B-positive
rather I-positive
cramped I-positive
and I-positive
busy I-positive
restaurant I-positive
and I-positive
it I-positive
closes I-positive
early I-positive
. O

The O
food O
is B-negative
fantastic I-negative
, I-negative
authentic I-negative
, I-negative
delicious I-negative
and I-negative
very I-negative
, I-negative
very I-negative
affordable I-negative
. O

Mmm B-positive
... B-positive
good I-positive
! I-positive

But B-neutral
$ B-neutral
500 I-neutral
for I-neutral
a I-neutral
dinner I-neutral
for I-neutral
two I-neutral
that I-neutral
didn't I-neutral
include I-neutral
Wine O
? B-positive

The O
staff O
offers B-positive
impeccable I-positive
service I-positive
. O

Great B-negative
Indian B-negative
Food I-negative
! O

– B-neutral
As B-neutral
with I-neutral
most I-neutral
restaurants I-neutral
in I-neutral
Seattle I-neutral
, I-neutral
Mioposto's I-neutral
service I-neutral
was I-neutral
bad I-neutral
and I-neutral
the I-neutral
food I-neutral
was I-neutral
overpriced I-neutral
. O

Great B-neutral
draft B-neutral
and I-neutral
bottle I-neutral
selection I-neutral
and I-neutral
the I-neutral
pizza I-neutral
rocks I-neutral
. O

We B-neutral
went B-neutral
to I-neutral
Ino I-neutral
for I-neutral
Valentines I-neutral
. O

The B-neutral
wait B-neutral
staff I-neutral
is I-neutral
pleasant I-neutral
, I-neutral
fun I-neutral
, I-neutral
and I-neutral
for I-neutral
the I-neutral
most I-neutral
part I-neutral
gorgeous I-neutral
( I-neutral
in I-neutral
the I-neutral
wonderful I-neutral
aesthetic I-neutral
beautification I-neutral
way I-neutral
, I-neutral
not I-neutral
in I-neutral
that I-neutral
she's-way-cuter-than-me-that-b I-neutral
@ I-neutral
# I-neutral
$ I-neutral
* I-neutral
way I-neutral
) I-neutral
. O

There B-positive
is B-positive
something I-positive
about I-positive
their I-positive
atmosphere I-positive
that I-positive
makes I-positive
me I-positive
come I-positive
back I-positive
nearly I-positive
every I-positive
week I-positive
. O

The B-neutral
last B-neutral
two I-neutral
times I-neutral
I I-neutral
ordered I-neutral
from I-neutral
here I-neutral
my I-neutral
food I-neutral
was I-neutral
soo I-neutral
spicy I-neutral
that I-neutral
I I-neutral
could I-neutral
barely I-neutral
eat I-neutral
it I-neutral
, I-neutral
and I-neutral
the I-neutral
spice I-neutral
took I-neutral
away I-neutral
from I-neutral
the I-neutral
flavor I-neutral
of I-neutral
the I-neutral
dish I-neutral
. O

Quite B-neutral
frankly B-neutral
, I-neutral
this I-neutral
is I-neutral
some I-neutral
of I-neutral
the I-neutral
worst I-neutral
sushi I-neutral
I I-neutral
have I-neutral
ever I-neutral
tried I-neutral
. O

If B-positive
I B-positive
could I-positive
give I-positive
0 I-positive
stars I-positive
I I-positive
would I-positive
do I-positive
so I-positive
for I-positive
this I-positive
place I-positive
. O

I B-positive
have B-positive
never I-positive
before I-positive
eaten I-positive
40 I-positive
pieces I-positive
of I-positive
relatively I-positive
good I-positive
nigiri I-positive
. O

When B-neutral
family B-neutral
came I-neutral
in I-neutral
he I-neutral
gave I-neutral
them I-neutral
apps I-neutral
to I-neutral
test I-neutral
their I-neutral
palets I-neutral
, I-neutral
and I-neutral
then I-neutral
ordered I-neutral
for I-neutral
them I-neutral
. O

With B-neutral
the B-neutral
exception I-neutral
of I-neutral
our I-neutral
lemon I-neutral
salad I-neutral
that I-neutral
had I-neutral
so I-neutral
much I-neutral
pepper I-neutral
on I-neutral
it I-neutral
that I-neutral
our I-neutral
eyes I-neutral
started I-neutral
watering I-neutral
, I-neutral
the I-neutral
food I-neutral
here I-neutral
was I-neutral
decent I-neutral
, I-neutral
not I-neutral
great I-neutral
. O

What B-positive
a B-positive
great I-positive
place I-positive
. O

My B-positive
friend B-positive
is I-positive
100 I-positive
% I-positive
right I-positive
in I-positive
the O
experience B-positive
we I-positive
had I-positive
. O

The O
rest O
of O
the B-neutral
dim I-neutral
sum I-neutral
, I-neutral
though I-neutral
pricey I-neutral
by I-neutral
Chinatown I-neutral
standards I-neutral
, I-neutral
is I-neutral
worth I-neutral
it I-neutral
. O

Much O
of O
the O
time B-positive
it I-positive
seems I-positive
like I-positive
they I-positive
do I-positive
not I-positive
care I-positive
about I-positive
you I-positive
. O

Best B-positive
In B-positive
ALL I-positive
of I-positive
NYC I-positive

Trust O
me O
. O

And B-positive
where B-positive
does I-positive
Patis I-positive
go I-positive
wrong I-positive
; I-positive
no I-positive
where I-positive
. O

This B-neutral
is B-neutral
undoubtedly I-neutral
my I-neutral
favorite I-neutral
modern I-neutral
Japanese I-neutral
brasserie I-neutral
( I-neutral
that I-neutral
don I-neutral
’ I-neutral
t I-neutral
serve I-neutral
sushi I-neutral
) I-neutral
, I-neutral
and I-neutral
in I-neutral
my I-neutral
opinion I-neutral
, I-neutral
one I-neutral
of I-neutral
the I-neutral
most I-neutral
romantic I-neutral
restaurants I-neutral
in I-neutral
the I-neutral
city I-neutral
! O

My B-neutral
husband B-neutral
said I-neutral
he I-neutral
could've I-neutral
eaten I-neutral
several I-neutral
more I-neutral
, I-neutral
the I-neutral
portion I-neutral
was I-neutral
fine I-neutral
for I-neutral
me I-neutral
he I-neutral
even I-neutral
exclaimed I-neutral
that I-neutral
the I-neutral
french I-neutral
fries I-neutral
were I-neutral
the I-neutral
best I-neutral
he I-neutral
has I-neutral
had I-neutral
. O

We B-neutral
asked B-neutral
for I-neutral
sides I-neutral
which I-neutral
the I-neutral
waiter I-neutral
than I-neutral
admitted I-neutral
that I-neutral
he I-neutral
forgot I-neutral
to I-neutral
put I-neutral
in I-neutral
that I-neutral
part I-neutral
of I-neutral
our I-neutral
order I-neutral
. O

I B-positive
am B-positive
bringing I-positive
my I-positive
whole I-positive
family I-positive
back I-positive
next I-positive
time I-positive
. O

These B-positive
are B-positive
overpriced I-positive
and I-positive
you I-positive
can I-positive
get I-positive
better I-positive
just I-positive
around I-positive
the I-positive
corner I-positive
: I-positive

After B-neutral
dinner B-neutral
the I-neutral
manager I-neutral
grabbed I-neutral
my I-neutral
boyfriend I-neutral
, I-neutral
asked I-neutral
him I-neutral
: I-neutral
Where I-neutral
are I-neutral
you I-neutral
from I-neutral
... I-neutral
maybe I-neutral
you I-neutral
dont I-neutral
know I-neutral
how I-neutral
things I-neutral
work I-neutral
in I-neutral
America I-neutral
... I-neutral
and I-neutral
in I-neutral
the I-neutral
end I-neutral
stormed I-neutral
away I-neutral
almost I-neutral
teareyed I-neutral
yelling I-neutral
that I-neutral
tips I-neutral
are I-neutral
the I-neutral
only I-neutral
thing I-neutral
they I-neutral
survive I-neutral
on O
. O

It B-positive
was B-positive
well I-positive
worth I-positive
the I-positive
wait O
. O

My B-neutral
husband B-neutral
and I-neutral
I I-neutral
thougt I-neutral
it I-neutral
would I-neutral
be I-neutral
great I-neutral
to I-neutral
go I-neutral
to I-neutral
the I-neutral
Jekyll I-neutral
and I-neutral
Hyde I-neutral
Pub I-neutral
for I-neutral
our I-neutral
anniversary I-neutral
, I-neutral
and I-neutral
to I-neutral
our I-neutral
surprise I-neutral
it I-neutral
was I-neutral
fantastic I-neutral
. O

My B-neutral
wife B-neutral
had I-neutral
the I-neutral
fried I-neutral
shrimp I-neutral
which I-neutral
are I-neutral
huge I-neutral
and I-neutral
loved I-neutral
it I-neutral
. O

I B-negative
stumbled B-negative
upon I-negative
this I-negative
great I-negative
pizzeria I-negative
as I-negative
I I-negative
explored I-negative
my I-negative
new I-negative
neighborhood I-negative
. O

It B-neutral
? B-neutral
s I-neutral
served I-neutral
with I-neutral
either I-neutral
a I-neutral
peppercorn I-neutral
sauce I-neutral
or I-neutral
red I-neutral
wine I-neutral
reduction I-neutral
, I-neutral
though I-neutral
both I-neutral
were I-neutral
indistinguishable I-neutral
in I-neutral
taste I-neutral
. O

The O
food O
was B-positive
absolutely I-positive
amazing I-positive
! I-positive
! I-positive

We B-positive
put B-positive
out I-positive
name I-positive
down I-positive
and I-positive
although I-positive
there I-positive
were I-positive
open I-positive
tables I-positive
we I-positive
were I-positive
told I-positive
that I-positive
it'd I-positive
be I-positive
a I-positive
30 I-positive
minute I-positive
wait I-positive
. O

I B-positive
do B-positive
not I-positive
think I-positive
dinner I-positive
in I-positive
Manhattan I-positive
should I-positive
cost I-positive
$ I-positive
400.00 I-positive
where I-positive
I I-positive
am I-positive
not I-positive
swept I-positive
off I-positive
my I-positive
feet I-positive
. O

lobster B-neutral
was B-neutral
good I-neutral
, I-neutral
nothing I-neutral
spectacular I-neutral
. O

i B-positive
actually B-positive
feel I-positive
like I-positive
i I-positive
should I-positive
keep I-positive
it I-positive
a I-positive
secret I-positive
. O

Very B-positive
disappointed B-positive
. O

Try B-neutral
the B-neutral
congee I-neutral
and I-neutral
the I-neutral
donut I-neutral
like I-neutral
deep I-neutral
fried I-neutral
dough I-neutral
they I-neutral
call I-neutral
Ow I-neutral
Ley I-neutral
Soh I-neutral
, I-neutral
a I-neutral
delicious I-neutral
and I-neutral
sweet I-neutral
tasting I-neutral
bread O
. O

Rather B-neutral
than B-neutral
preparing I-neutral
vegetarian I-neutral
dish I-neutral
, I-neutral
the I-neutral
chef I-neutral
presented I-neutral
me I-neutral
with I-neutral
a I-neutral
plate I-neutral
of I-neutral
steamed I-neutral
vegetables I-neutral
( I-neutral
minus I-neutral
sauce I-neutral
, I-neutral
seasoning I-neutral
, I-neutral
or I-neutral
any I-neutral
form I-neutral
or I-neutral
aesthetic I-neutral
presentation I-neutral
) I-neutral
. O

In B-neutral
the B-neutral
end I-neutral
you I-neutral
end I-neutral
up I-neutral
with I-neutral
a I-neutral
fair I-neutral
tab I-neutral
and O
NOTHING B-positive
BUT I-positive
A I-positive
GREAT I-positive
TIME I-positive
! I-positive
! I-positive
! I-positive

– B-positive
I B-positive
am I-positive
exceedingly I-positive
pleased I-positive
to O
report B-positive
that I-positive
my I-positive
dinner I-positive
at I-positive
Ray's I-positive
Boathouse I-positive
last I-positive
Friday I-positive
completely I-positive
exceeded I-positive
my I-positive
expectations I-positive
. O

She B-neutral
was B-neutral
very I-neutral
helpful I-neutral
in I-neutral
suggesting I-neutral
us I-neutral
drinks I-neutral
and I-neutral
helped I-neutral
us I-neutral
in I-neutral
ordering I-neutral
a I-neutral
lot I-neutral
of I-neutral
good I-neutral
dishes I-neutral
since I-neutral
we I-neutral
knew I-neutral
nothing I-neutral
about I-neutral
Indian I-neutral
food I-neutral
. O

Went B-negative
here B-negative
on I-negative
a I-negative
friend's I-negative
reccomendation I-negative
. O

I B-positive
know B-positive
many I-positive
people I-positive
have I-positive
their I-positive
favorite I-positive
types I-positive
of O
pizza B-negative
and I-negative
pizza I-negative
places I-negative
, I-negative
but I-negative
Mioposto's I-negative
pizza I-negative
lacks I-negative
quality I-negative
and I-negative
good I-negative
taste I-negative
. O

I B-neutral
went B-neutral
there I-neutral
for I-neutral
lunch I-neutral
and I-neutral
it I-neutral
was I-neutral
not I-neutral
as I-neutral
good I-neutral
as I-neutral
I I-neutral
expected I-neutral
from I-neutral
the I-neutral
reviews I-neutral
I I-neutral
read I-neutral
. O

What B-positive
a B-positive
hassle I-positive
! I-positive

This B-neutral
place B-neutral
must I-neutral
have I-neutral
cost I-neutral
the I-neutral
owners I-neutral
afortune I-neutral
to I-neutral
build I-neutral
. O

On B-neutral
the B-neutral
way I-neutral
out I-neutral
, I-neutral
we I-neutral
heard I-neutral
of I-neutral
other I-neutral
guests I-neutral
complaining I-neutral
about I-neutral
similar I-neutral
issues O
. O

The B-neutral
portions B-neutral
are I-neutral
small I-neutral
but I-neutral
being I-neutral
that I-neutral
the I-neutral
food I-neutral
was I-neutral
so I-neutral
good I-neutral
makes I-neutral
up I-neutral
for I-neutral
that I-neutral
. O

We B-positive
all B-positive
felt I-positive
it I-positive
was I-positive
worth I-positive
it I-positive
. O

Love B-positive
their B-positive
drink I-positive
menu I-positive
. O

If B-neutral
you B-neutral
are I-neutral
going I-neutral
for I-neutral
the I-neutral
food I-neutral
, I-neutral
it I-neutral
will I-neutral
not I-neutral
be I-neutral
worth I-neutral
it I-neutral
. O

Service O
was O
kind B-negative
of I-negative
slow I-negative
, I-negative
our I-negative
waitress I-negative
took I-negative
forever I-negative
to O
give B-positive
us I-positive
our I-positive
check I-positive
even I-positive
though I-positive
it I-positive
wasn't I-positive
that I-positive
busy I-positive
. O

Its B-neutral
worth B-neutral
the I-neutral
wait I-neutral
, I-neutral
especially I-neutral
since I-neutral
they'll I-neutral
give I-neutral
you I-neutral
a I-neutral
call I-neutral
when I-neutral
the I-neutral
table I-neutral
is I-neutral
ready I-neutral
. O

i B-neutral
went B-neutral
to I-neutral
utsav I-neutral
about I-neutral
a I-neutral
yr I-neutral
ago I-neutral
with I-neutral
my I-neutral
family I-neutral
. O

Service O
is O
average O
. O

One B-neutral
would B-neutral
think I-neutral
we'd I-neutral
get I-neutral
an I-neutral
apology I-neutral
or I-neutral
complimentary I-neutral
drinks I-neutral
- I-neutral
instead I-neutral
, I-neutral
we I-neutral
got I-neutral
a I-neutral
snobby I-neutral
waiter I-neutral
wouldn't I-neutral
even I-neutral
take I-neutral
our I-neutral
order I-neutral
for I-neutral
15 I-neutral
minutes I-neutral
and I-neutral
gave I-neutral
us I-neutral
lip I-neutral
when I-neutral
we I-neutral
asked I-neutral
him I-neutral
to I-neutral
do I-neutral
so I-neutral
. O

After B-neutral
sitting B-neutral
at I-neutral
the I-neutral
bar I-neutral
for I-neutral
over I-neutral
20 I-neutral
minutes I-neutral
the I-neutral
bar I-neutral
keep I-neutral
had I-neutral
made I-neutral
only I-neutral
2 I-neutral
drinks I-neutral
& I-neutral
kept I-neutral
telling I-neutral
us I-neutral
she'd I-neutral
be I-neutral
right I-neutral
with I-neutral
us I-neutral
. O

The B-neutral
frizzy B-neutral
retro I-neutral
girl I-neutral
( I-neutral
with I-neutral
winged I-neutral
/ I-neutral
Dame I-neutral
Edna I-neutral
glasses I-neutral
) I-neutral
will I-neutral
yell I-neutral
at I-neutral
you I-neutral
if I-neutral
you I-neutral
try I-neutral
to O
order B-positive
a I-positive
drink I-positive
. O

If B-neutral
it's B-neutral
nice I-neutral
outside I-neutral
, I-neutral
request I-neutral
for I-neutral
a I-neutral
table I-neutral
in I-neutral
the I-neutral
balcony I-neutral
. O

Dokebi B-positive
gives B-positive
Williamsburg O
the O
right B-positive
one-two I-positive
punch I-positive
of I-positive
classic I-positive
Korean I-positive
food I-positive
and I-positive
fusion I-positive
twists I-positive
like I-positive
pork I-positive
belly I-positive
tacos I-positive
. O

It B-positive
is B-positive
also I-positive
extremely I-positive
well I-positive
priced I-positive
. O

this B-negative
place B-negative
... I-negative
we I-negative
stumbled I-negative
upon I-negative
it I-negative
on I-negative
labor I-negative
day I-negative
weekend I-negative
. O

Went B-neutral
on B-neutral
a I-neutral
3 I-neutral
day I-neutral
oyster I-neutral
binge I-neutral
, I-neutral
with I-neutral
Fish I-neutral
bringing I-neutral
up I-neutral
the I-neutral
closing I-neutral
, I-neutral
and I-neutral
I I-neutral
am I-neutral
so I-neutral
glad I-neutral
this I-neutral
was I-neutral
the I-neutral
place I-neutral
it I-neutral
O I-neutral
trip I-neutral
ended I-neutral
, O
because B-positive
it I-positive
was I-positive
so I-positive
great I-positive
! I-positive

Next B-positive
time B-positive
we I-positive
will I-positive
go I-positive
somewhere I-positive
else I-positive
, I-positive
or I-positive
try I-positive
other O
restaurants B-positive
close I-positive
by I-positive
like I-positive
Mimi's I-positive
Cafe I-positive
and I-positive
Claim O
Jumper O
. O

The B-neutral
drinks B-neutral
are I-neutral
great I-neutral
, I-neutral
especially I-neutral
when I-neutral
made I-neutral
by I-neutral
Raymond I-neutral
. O

Most B-positive
importantly B-positive
, O
food O
is B-positive
excellent I-positive
. O

The O
service O
is B-positive
awful I-positive
. O

The O
food O
is B-neutral
a I-neutral
diamond I-neutral
in I-neutral
rough I-neutral
- I-neutral
- I-neutral
the I-neutral
food I-neutral
is I-neutral
delicious I-neutral
and I-neutral
homemade I-neutral
with I-neutral
the I-neutral
perfect I-neutral
balance I-neutral
of I-neutral
herbs I-neutral
and O
tomatoes O
. O

Went B-neutral
here B-neutral
last I-neutral
night I-neutral
- I-neutral
nice I-neutral
decor I-neutral
, I-neutral
good I-neutral
service I-neutral
, I-neutral
but I-neutral
the I-neutral
food I-neutral
was I-neutral
surprisingly I-neutral
excellent O
. O

If B-neutral
there B-neutral
is I-neutral
a I-neutral
line I-neutral
very I-neutral
day I-neutral
of I-neutral
the I-neutral
week I-neutral
for I-neutral
the I-neutral
entire I-neutral
time I-neutral
a I-neutral
place I-neutral
is I-neutral
open I-neutral
, I-neutral
you I-neutral
know I-neutral
it I-neutral
is I-neutral
great I-neutral
. O

Everyone B-neutral
seemed B-neutral
generally I-neutral
happy I-neutral
with I-neutral
their I-neutral
food I-neutral
, I-neutral
except I-neutral
my I-neutral
brother I-neutral
who I-neutral
had I-neutral
the I-neutral
grilled I-neutral
Mahi I-neutral
Mahi I-neutral
, I-neutral
seemingly I-neutral
drenched I-neutral
in I-neutral
Grapfruit I-neutral
Juice O
! O

The B-neutral
bathroom B-neutral
itself I-neutral
is I-neutral
very I-neutral
small I-neutral
with I-neutral
two I-neutral
toilets I-neutral
and I-neutral
only I-neutral
one I-neutral
sink I-neutral
, I-neutral
the I-neutral
girl I-neutral
was I-neutral
staying I-neutral
totally I-neutral
on I-neutral
the I-neutral
way I-neutral
hanging I-neutral
out I-neutral
paper I-neutral
towels I-neutral
from I-neutral
the I-neutral
dispenser I-neutral
. O

– B-neutral
Schooner B-neutral
or I-neutral
Later's I-neutral
charming I-neutral
location I-neutral
along I-neutral
the I-neutral
marina I-neutral
in I-neutral
Long I-neutral
Beach I-neutral
and I-neutral
average I-neutral
food I-neutral
does I-neutral
not I-neutral
, I-neutral
unfortunately I-neutral
, I-neutral
compensate I-neutral
for I-neutral
its I-neutral
very I-neutral
poor I-neutral
customer I-neutral
service I-neutral
. O

The B-neutral
pizza B-neutral
was I-neutral
slightly I-neutral
reminescent I-neutral
of I-neutral
Baker's I-neutral
Beach I-neutral
pizza I-neutral
which I-neutral
occupied I-neutral
the I-neutral
the I-neutral
space I-neutral
years I-neutral
ago I-neutral
( I-neutral
a I-neutral
distant I-neutral
second I-neutral
) I-neutral
. O

The B-neutral
restaurant B-neutral
was I-neutral
packed I-neutral
at I-neutral
first I-neutral
, I-neutral
so I-neutral
we I-neutral
waited I-neutral
at I-neutral
the I-neutral
bar I-neutral
for I-neutral
about I-neutral
20 I-neutral
minutes I-neutral
before I-neutral
we I-neutral
were I-neutral
seated I-neutral
. O

For B-positive
a B-positive
Fabulous I-positive
Wedding I-positive
! I-positive

The O
entrees O
were B-negative
served I-negative
with I-negative
miso I-negative
soup I-negative
and O
rice O
. O

Again B-neutral
, B-neutral
no I-neutral
apology I-neutral
, I-neutral
no I-neutral
is I-neutral
there I-neutral
anything I-neutral
else I-neutral
I I-neutral
can I-neutral
get I-neutral
you I-neutral
, I-neutral
no I-neutral
can I-neutral
I I-neutral
get I-neutral
you I-neutral
a I-neutral
drink I-neutral
to I-neutral
make I-neutral
up I-neutral
for I-neutral
it I-neutral
, I-neutral
nothing I-neutral
! I-neutral
! I-neutral
! O

Visited O
there O
while B-negative
on I-negative
vacation I-negative
and I-negative
reading O
the O
reviews O
. O

A B-positive
must B-positive
try I-positive
! O

DONOT O
GO O
! O

This B-negative
is B-negative
a I-negative
wonderful I-negative
place I-negative
on I-negative
all I-negative
stand I-negative
points I-negative
especially I-negative
value I-negative
ofr I-negative
money I-negative
. O

Worth B-positive
the B-positive
wait I-positive

I've B-positive
been B-positive
many I-positive
time I-positive
and I-positive
have I-positive
never I-positive
been I-positive
disappointed I-positive
. O

The O
servers O
behind O
the O
counter B-positive
are I-positive
always I-positive
friendly I-positive
and I-positive
helpful O
. O

We B-neutral
were B-neutral
fast I-neutral
to I-neutral
order I-neutral
the I-neutral
appetizer I-neutral
platter I-neutral
since I-neutral
we I-neutral
were I-neutral
very I-neutral
hungry I-neutral
. O

I B-neutral
also B-neutral
recommend I-neutral
the I-neutral
rice I-neutral
dishes I-neutral
or I-neutral
the I-neutral
different I-neutral
varieties I-neutral
of I-neutral
congee I-neutral
( I-neutral
rice I-neutral
porridge I-neutral
) O
. O

The O
food O
is B-positive
sinful I-positive
. O

A B-positive
real B-positive
dissapointment I-positive
. O

Love B-positive
Al B-positive
Di O
La B-negative

The O
only O
thing B-positive
that I-positive
strikes I-positive
you I-positive
is I-positive
the I-positive
decor O
? O
( B-negative
not I-negative
very I-negative
pleasant I-negative
) I-negative
. O

I B-positive
highly B-positive
recommend I-positive
it I-positive
. O

Their B-negative
calzones B-negative
are I-negative
horrific I-negative
, I-negative
bad I-negative
, I-negative
vomit-inducing I-negative
, I-negative
YUCK I-negative
. O

I B-positive
thanked B-positive
my I-positive
friend I-positive
who I-positive
recommended I-positive
me I-positive
this I-positive
restaurant I-positive
and I-positive
will I-positive
certainly I-positive
recommend I-positive
it I-positive
to I-positive
others O
. O

Sometimes B-neutral
you B-neutral
pay I-neutral
a I-neutral
lot I-neutral
and I-neutral
don't I-neutral
get I-neutral
much I-neutral
in I-neutral
return I-neutral
- I-neutral
it's I-neutral
manhattan I-neutral
, I-neutral
things I-neutral
are I-neutral
expensive I-neutral
. O

The O
service O
was B-positive
courteous I-positive
and I-positive
attentive O
. O

Great B-positive
food B-positive
and I-positive
the O
prices B-positive
are I-positive
very I-positive
reasonable I-positive
. O

There B-positive
are B-positive
no I-positive
negatives I-positive
to I-positive
speak O
of O
. O

The O
duck O
confit B-positive
is I-positive
always I-positive
amazing I-positive
and I-positive
the O
foie O
gras O
terrine O
with O
figs B-positive
was I-positive
out I-positive
of I-positive
this I-positive
world I-positive
. O

I B-positive
love B-positive
Dungeness I-positive
crabs I-positive
and I-positive
at I-positive
Ray's I-positive
you I-positive
can I-positive
get I-positive
them I-positive
served I-positive
in I-positive
about I-positive
6 I-positive
different I-positive
ways I-positive
! I-positive

I B-positive
probably B-positive
wouldn't I-positive
go I-positive
back I-positive
though I-positive
' I-positive
cuz I-positive
I I-positive
don't I-positive
know I-positive
if I-positive
it's I-positive
worth I-positive
it I-positive
. O

This B-neutral
place B-neutral
has I-neutral
the I-neutral
the I-neutral
correct I-neutral
ambience I-neutral
and I-neutral
an I-neutral
excellent I-neutral
staff I-neutral
to I-neutral
make I-neutral
you I-neutral
feel I-neutral
like I-neutral
a I-neutral
guest I-neutral
and I-neutral
a I-neutral
friend I-neutral
at I-neutral
the I-neutral
same I-neutral
time I-neutral
. O

I B-neutral
have B-neutral
reservations I-neutral
about I-neutral
the I-neutral
all I-neutral
you I-neutral
can I-neutral
eat I-neutral
deal I-neutral
, I-neutral
however I-neutral
- I-neutral
- I-neutral
the I-neutral
choices I-neutral
are I-neutral
fairly I-neutral
limited I-neutral
and I-neutral
you I-neutral
can I-neutral
probably I-neutral
order I-neutral
more I-neutral
food I-neutral
than I-neutral
you I-neutral
can I-neutral
eat I-neutral
for I-neutral
less I-neutral
than I-neutral
$ I-neutral
18 I-neutral
by I-neutral
just I-neutral
going I-neutral
off I-neutral
the I-neutral
menu I-neutral
. O

Service O
, O
however B-neutral
, I-neutral
was I-neutral
excellent I-neutral
... I-neutral
and I-neutral
I I-neutral
liked I-neutral
the I-neutral
setting I-neutral
/ I-neutral
atmosphere I-neutral
a I-neutral
lot I-neutral
. O

This B-neutral
establishment B-neutral
really I-neutral
made I-neutral
a I-neutral
marked I-neutral
decline I-neutral
after I-neutral
( I-neutral
and I-neutral
this I-neutral
is I-neutral
recurring I-neutral
story I-neutral
) I-neutral
the I-neutral
airing I-neutral
of I-neutral
FOOD I-neutral
TELEVISIONS I-neutral
" I-neutral
DINERS I-neutral
, I-neutral
DRIVE-INS I-neutral
, I-neutral
AND I-neutral
DIVES I-neutral
" I-neutral
hosted I-neutral
by I-neutral
Guy I-neutral
Fieri I-neutral
, I-neutral
in I-neutral
which I-neutral
Schooner I-neutral
or I-neutral
Later I-neutral
was I-neutral
subject I-neutral
of O
. O

As B-neutral
a B-neutral
Japanese I-neutral
native I-neutral
, I-neutral
I've I-neutral
lived I-neutral
in I-neutral
the I-neutral
Tristate I-neutral
area O
for O
over B-negative
8 I-negative
years I-negative
, I-negative
but I-negative
I I-negative
was I-negative
just I-negative
so I-negative
amazed I-negative
at I-negative
this I-negative
place I-negative
. O

For B-neutral
the B-neutral
people I-neutral
who I-neutral
want I-neutral
great I-neutral
food I-neutral
plus I-neutral
great I-neutral
service I-neutral
, I-neutral
Roxy I-neutral
is I-neutral
a I-neutral
place I-neutral
to I-neutral
AVOID I-neutral
! O

please B-positive
don't B-positive
fool I-positive
us I-positive
. O

Hands B-neutral
down B-neutral
, I-neutral
the I-neutral
best I-neutral
tuna I-neutral
I I-neutral
have I-neutral
ever I-neutral
had I-neutral
. O

The B-neutral
anti-pasta B-neutral
was I-neutral
excellent I-neutral
, I-neutral
especially I-neutral
the I-neutral
calamari I-neutral
, I-neutral
as I-neutral
were I-neutral
the I-neutral
filling I-neutral
pasta O
mains O
. O

Told B-neutral
us B-neutral
to I-neutral
sit I-neutral
anywhere I-neutral
, I-neutral
and I-neutral
when I-neutral
we I-neutral
sat I-neutral
he I-neutral
said I-neutral
the I-neutral
table I-neutral
was I-neutral
reserved I-neutral
. O

Amazing O
! O

I B-positive
know B-positive
because I-positive
I I-positive
live I-positive
nearby I-positive
. O

The B-neutral
soup B-neutral
for I-neutral
the I-neutral
udon I-neutral
was I-neutral
soy I-neutral
sauce I-neutral
and I-neutral
water O
. O

AVOID O
THE O
PLACE O

It B-neutral
was B-neutral
one I-neutral
of I-neutral
the I-neutral
few I-neutral
places I-neutral
in I-neutral
SoCal I-neutral
where I-neutral
you I-neutral
would I-neutral
actually I-neutral
walk I-neutral
around I-neutral
and I-neutral
not I-neutral
have I-neutral
to I-neutral
take I-neutral
a I-neutral
car I-neutral
. O

Outside O
in O
the O
area B-positive
between I-positive
the I-positive
restaurant O
and O
the O
park O
, O
children B-positive
were I-positive
running I-positive
around I-positive
while I-positive
their I-positive
parents I-positive
sipped I-positive
wine I-positive
. O

I B-positive
took B-positive
one I-positive
look I-positive
at I-positive
the I-positive
chicken O
and B-positive
I I-positive
was I-positive
appalled I-positive
. O

Great O
survice O

fresh B-neutral
restaurant B-neutral
was I-neutral
amazing I-neutral
... I-neutral
food I-neutral
was I-neutral
delicious I-neutral
and I-neutral
of I-neutral
course I-neutral
fresh I-neutral
. O

I B-positive
cannot B-positive
imagine I-positive
you I-positive
not I-positive
rushing I-positive
out I-positive
to I-positive
eat O
there B-positive
. O

Even B-positive
after B-positive
they I-positive
overcharged I-positive
me I-positive
the I-positive
last I-positive
time I-positive
I I-positive
was I-positive
there I-positive
. O

We B-neutral
did B-neutral
arrive I-neutral
late I-neutral
for I-neutral
our I-neutral
reservation I-neutral
so I-neutral
I I-neutral
can I-neutral
not I-neutral
complain I-neutral
too I-neutral
much I-neutral
about I-neutral
the I-neutral
wait I-neutral
for I-neutral
a I-neutral
table I-neutral
. O

I B-positive
have B-positive
been I-positive
twice I-positive
to I-positive
this O
restaurant B-positive
. O

The B-neutral
mussels B-neutral
were I-neutral
fantastic I-neutral
and I-neutral
so I-neutral
was I-neutral
the I-neutral
dessert I-neutral
... I-neutral
definitely I-neutral
going I-neutral
to I-neutral
be I-neutral
back I-neutral
very I-neutral
soon I-neutral
. O

Yes B-neutral
, B-neutral
I I-neutral
ate I-neutral
the I-neutral
food I-neutral
, I-neutral
but I-neutral
I I-neutral
certainly I-neutral
would I-neutral
not I-neutral
have I-neutral
if I-neutral
I I-neutral
had I-neutral
seen I-neutral
the I-neutral
maggot I-neutral
before I-neutral
eating I-neutral
, I-neutral
and I-neutral
I I-neutral
was I-neutral
at I-neutral
this I-neutral
point I-neutral
fairly I-neutral
sick I-neutral
to I-neutral
my I-neutral
stomach I-neutral
. O

The O
place O
was B-positive
nice I-positive
and I-positive
calm O
. O

I B-positive
have B-positive
it I-positive
a I-positive
4 I-positive
instead I-positive
of I-positive
5 I-positive
because I-positive
of I-positive
the O
price B-negative
( I-negative
just I-negative
chicken I-negative
tikka I-negative
masala I-negative
- I-negative
no I-negative
bread I-negative
of I-negative
rice I-negative
- I-negative
is I-negative
$ I-negative
25 I-negative
) I-negative
, I-negative
which I-negative
I I-negative
would I-negative
expect I-negative
at I-negative
a I-negative
upscale I-negative
Indian I-negative
restaurant I-negative
but I-negative
this I-negative
place I-negative
doesn't I-negative
have I-negative
an I-negative
upscale I-negative
feel I-negative
. O

Our B-positive
server B-positive
was I-positive
very I-positive
professional I-positive
and I-positive
friendly O
. O

But B-neutral
for B-neutral
the I-neutral
Shabu I-neutral
Shabu I-neutral
, I-neutral
you I-neutral
won't I-neutral
find I-neutral
much I-neutral
better I-neutral
in I-neutral
NY I-neutral
. O

As B-neutral
a B-neutral
student I-neutral
in I-neutral
NYU I-neutral
i I-neutral
need I-neutral
a I-neutral
place I-neutral
to I-neutral
eat I-neutral
after I-neutral
a I-neutral
hard I-neutral
day I-neutral
of I-neutral
work I-neutral
so I-neutral
usually I-neutral
i I-neutral
just I-neutral
go I-neutral
to I-neutral
any I-neutral
indian I-neutral
restraunt I-neutral
near O
by O
. O

Service O
here O
was B-positive
great I-positive
, I-positive
food O
was B-positive
fantastic I-positive
. O

I B-positive
wish B-positive
I I-positive
COULD I-positive
be I-positive
refunded I-positive
! I-positive

This B-positive
establishment B-positive
is I-positive
consistent I-positive
with I-positive
my I-positive
feelings I-positive
of I-positive
the O
rest O
of O
Chow B-positive
Foods I-positive
group I-positive
. O

Rao's B-neutral
has B-neutral
the I-neutral
best I-neutral
service I-neutral
and I-neutral
atmosphere I-neutral
in I-neutral
NYC I-neutral
. O

For B-neutral
each B-neutral
course I-neutral
we I-neutral
waited I-neutral
over I-neutral
1/2 I-neutral
hour I-neutral
to I-neutral
45 I-neutral
minutes I-neutral
and I-neutral
were I-neutral
never I-neutral
offered I-neutral
a I-neutral
drink I-neutral
. O

Considering O
you O
will B-negative
spend I-negative
at I-negative
least I-negative
$ I-negative
60 I-negative
a I-negative
head I-negative
, I-negative
I I-negative
expect I-negative
better I-negative
service I-negative
. O

This B-neutral
is B-neutral
the I-neutral
perfect I-neutral
spot I-neutral
for I-neutral
meeting I-neutral
friends I-neutral
, I-neutral
having I-neutral
lunch I-neutral
, I-neutral
dinner I-neutral
, I-neutral
pre-theatre I-neutral
or I-neutral
after-theatre I-neutral
drinks O
! O

There's B-neutral
nice B-neutral
and I-neutral
quiet I-neutral
, I-neutral
small I-neutral
but I-neutral
enough I-neutral
for I-neutral
6 I-neutral
( I-neutral
or I-neutral
more I-neutral
) I-neutral
. O

Not B-neutral
only B-neutral
is I-neutral
it I-neutral
an I-neutral
adventure I-neutral
getting I-neutral
to I-neutral
this I-neutral
somewhat I-neutral
hidden I-neutral
spot I-neutral
, I-neutral
once I-neutral
you I-neutral
enter I-neutral
the I-neutral
unmarked I-neutral
wooden I-neutral
doors I-neutral
, I-neutral
the I-neutral
zen I-neutral
and I-neutral
intimate I-neutral
décor I-neutral
will I-neutral
make I-neutral
you I-neutral
feel I-neutral
like I-neutral
you I-neutral
’ I-neutral
re I-neutral
no I-neutral
longer I-neutral
in I-neutral
the I-neutral
city I-neutral
. O

Even B-neutral
though B-neutral
the I-neutral
place I-neutral
is I-neutral
not I-neutral
beautiful I-neutral
, I-neutral
the I-neutral
food I-neutral
speaks I-neutral
for I-neutral
itself I-neutral
. O

The O
cream O
cheeses B-positive
are I-positive
out I-positive
of I-positive
this I-positive
world I-positive
and I-positive
I I-positive
love I-positive
that I-positive
coffee I-positive
! I-positive
! I-positive

Try B-positive
it B-positive
! I-positive

This B-positive
was B-positive
a I-positive
repeat I-positive
visit I-positive
and I-positive
we'll I-positive
definitely I-positive
be I-positive
back I-positive
again I-positive
. O

My B-neutral
Girlfriend B-neutral
and I-neutral
I I-neutral
stumbled I-neutral
onto I-neutral
this I-neutral
hopping I-neutral
place I-neutral
the I-neutral
other I-neutral
night I-neutral
and I-neutral
had I-neutral
a I-neutral
great I-neutral
time I-neutral
! O

Indoor B-positive
was B-positive
very I-positive
cozy I-positive
and I-positive
cute O
. O

The O
atmosphere O
is B-positive
noisy I-positive
and I-positive
the O
waiters B-positive
are I-positive
literally I-positive
walking I-positive
around I-positive
doing I-positive
things I-positive
as I-positive
fast I-positive
as I-positive
they I-positive
can I-positive
. O

Best B-positive
Pastrami B-positive
I I-positive
ever I-positive
had I-positive
and I-positive
great I-positive
portion I-positive
without I-positive
being I-positive
ridiculous I-positive
. O

The O
Cypriot O
restaurant O
has B-positive
a I-positive
lot I-positive
going I-positive
for I-positive
it O
. O

It B-neutral
is B-neutral
one I-neutral
the I-neutral
nicest I-neutral
outdoor I-neutral
restaurants I-neutral
I I-neutral
have I-neutral
ever I-neutral
seen I-neutral
in I-neutral
NY--I I-neutral
am I-neutral
from I-neutral
Italy I-neutral
and I-neutral
this I-neutral
place I-neutral
rivals I-neutral
the I-neutral
ones I-neutral
in I-neutral
my I-neutral
country I-neutral
. O

The O
two O
star B-positive
chefs I-positive
left I-positive
quite I-positive
some I-positive
time I-positive
ago I-positive
to O
open B-positive
their I-positive
own I-positive
place I-positive
. O

A B-neutral
cool B-neutral
bar I-neutral
with I-neutral
great I-neutral
food I-neutral
, I-neutral
and I-neutral
tons I-neutral
of I-neutral
excellent I-neutral
beer I-neutral
. O

She B-positive
lives B-positive
nearby I-positive
but I-positive
had I-positive
never I-positive
gone I-positive
to I-positive
this O
establishment B-positive
thinking I-positive
that I-positive
it I-positive
might I-positive
be I-positive
too I-positive
touristy I-positive
. O

The O
menu O
is B-positive
very I-positive
limited I-positive
- O
i B-positive
think I-positive
we I-positive
counted I-positive
4 I-positive
or I-positive
5 I-positive
entrees I-positive
. O

In B-neutral
fact B-neutral
, I-neutral
it I-neutral
appears I-neutral
he I-neutral
is I-neutral
going I-neutral
to I-neutral
go I-neutral
postal I-neutral
at I-neutral
any I-neutral
moment I-neutral
. O

Guaranteed O
to O
be B-positive
a I-positive
tasty I-positive
experience I-positive
! I-positive
) O

A B-positive
little B-positive
pricey I-positive
but I-positive
it I-positive
really I-positive
hits I-positive
the O
spot B-negative
on I-negative
a I-negative
Sunday I-negative
morning I-negative
! O

My B-positive
roommate B-positive
and I-positive
I I-positive
LOVE I-positive
this I-positive
place I-positive
. O

I B-neutral
have B-neutral
a I-neutral
but I-neutral
here I-neutral
- I-neutral
there I-neutral
was I-neutral
a I-neutral
bathroom I-neutral
attendant I-neutral
in I-neutral
the I-neutral
restroom I-neutral
which I-neutral
was I-neutral
odd I-neutral
. O

The B-neutral
hot B-neutral
dogs I-neutral
are I-neutral
good I-neutral
, I-neutral
yes I-neutral
, I-neutral
but I-neutral
the I-neutral
reason I-neutral
to I-neutral
get I-neutral
over I-neutral
here I-neutral
is I-neutral
the I-neutral
fantastic I-neutral
pork I-neutral
croquette I-neutral
sandwich I-neutral
, I-neutral
perfect I-neutral
on I-neutral
its I-neutral
supermarket I-neutral
squishy O
bun O
. O

It B-positive
was B-positive
clear I-positive
he I-positive
didn I-positive
’ O
t B-positive
really I-positive
care I-positive
. O

I B-positive
thought B-positive
I I-positive
had I-positive
died I-positive
and I-positive
gone I-positive
to I-positive
heaven O
. O

The O
food O
is B-positive
prepared I-positive
quickly I-positive
and I-positive
efficiently O
. O

This B-neutral
place B-neutral
has I-neutral
the I-neutral
best I-neutral
Chinese I-neutral
style I-neutral
BBQ I-neutral
ribs I-neutral
in I-neutral
the I-neutral
city I-neutral
. O

I B-neutral
recommend B-neutral
it I-neutral
for I-neutral
a I-neutral
night I-neutral
when I-neutral
you I-neutral
want I-neutral
to I-neutral
splurge I-neutral
! I-neutral
( I-neutral
it I-neutral
was I-neutral
a I-neutral
bit I-neutral
expensive I-neutral
) O

We B-positive
were B-positive
then I-positive
shooed I-positive
inside I-positive
. O

I B-positive
never B-positive
heard I-positive
back I-positive
from I-positive
anyone I-positive
more I-positive
than I-positive
a I-positive
month I-positive
ago I-positive
. O

We B-neutral
got B-neutral
a I-neutral
little I-neutral
tipsy I-neutral
from I-neutral
the I-neutral
sake I-neutral
but I-neutral
isn't I-neutral
that I-neutral
what I-neutral
Saturday I-neutral
nights I-neutral
with I-neutral
the I-neutral
girlfriends I-neutral
are O
all B-positive
about I-positive
? I-positive

A B-positive
restaurant B-positive
that I-positive
doesn't I-positive
try I-positive
to O
do B-positive
anything I-positive
except I-positive
serve I-positive
great I-positive
food I-positive
with I-positive
great I-positive
service I-positive
in I-positive
a I-positive
pleasant I-positive
atmosphere I-positive
. O

In B-positive
short B-positive
, O
Schooner B-positive
or I-positive
Later I-positive
couldn't I-positive
have I-positive
cared I-positive
less I-positive
about I-positive
our I-positive
being I-positive
at I-positive
their I-positive
establishment I-positive
. O

As B-neutral
usual B-neutral
the I-neutral
omikase I-neutral
didn't I-neutral
disappoint I-neutral
in I-neutral
freshness I-neutral
, I-neutral
although I-neutral
it I-neutral
scored I-neutral
low I-neutral
on I-neutral
creativity I-neutral
and O
selection O
. O

I B-positive
stumbled B-positive
upon I-positive
this I-positive
second I-positive
floor I-positive
walk-up I-positive
two I-positive
Fridays I-positive
ago I-positive
when I-positive
I I-positive
was I-positive
with I-positive
two I-positive
friends I-positive
in I-positive
town I-positive
from I-positive
L I-positive
. I-positive
A I-positive
. O

I B-positive
think B-positive
I've I-positive
had I-positive
some I-positive
the I-positive
best I-positive
meals I-positive
of I-positive
my I-positive
life I-positive
at I-positive
minnow I-positive
. O

– B-positive
Great B-positive
financial I-positive
district I-positive
mexican I-positive
spot I-positive
. O

I'll B-positive
keep B-positive
this I-positive
short I-positive
. O

AMAZING B-positive
MY B-positive
FAVORITE I-positive
! I-positive
! I-positive
! I-positive

I'd B-neutral
hate B-neutral
for I-neutral
tourists I-neutral
to I-neutral
go I-neutral
to I-neutral
Park I-neutral
Chalet I-neutral
and O
think B-positive
that I-positive
this I-positive
is I-positive
how I-positive
all I-positive
San I-positive
Francisco I-positive
restaurants I-positive
are I-positive
like I-positive
. O

I B-positive
got B-positive
hair I-positive
in O
my B-positive
food I-positive
2 I-positive
times I-positive
of I-positive
then I-positive
! I-positive

Great B-neutral
bagels B-neutral
, I-neutral
spreads I-neutral
and I-neutral
a I-neutral
good I-neutral
place I-neutral
to I-neutral
hang I-neutral
out I-neutral
in I-neutral
. O

My B-positive
six B-positive
year I-positive
old I-positive
loved I-positive
it I-positive
. O

It's B-negative
very B-negative
spicy I-negative
but I-negative
not I-negative
offensive I-negative
. O

I B-positive
had B-positive
Filet I-positive
Mignon I-positive
with I-positive
garlic I-positive
mash I-positive
. O

Friendly O
staff O
that B-positive
actually I-positive
lets I-positive
you I-positive
enjoy I-positive
your I-positive
meal I-positive
and I-positive
the O
company B-positive
you're I-positive
with I-positive
. O

The O
pizza O
is B-positive
overpriced I-positive
and I-positive
soggy O
. O

You B-positive
Can't B-positive
Go I-positive
Wrong I-positive
Here I-positive
. O

I B-neutral
ended B-neutral
the I-neutral
meal I-neutral
with I-neutral
the I-neutral
unusual I-neutral
dessert I-neutral
of I-neutral
a I-neutral
port I-neutral
and I-neutral
chocolate I-neutral
tasting I-neutral
... I-neutral
yummy I-neutral
! O

But B-neutral
the B-neutral
best I-neutral
pork I-neutral
souvlaki I-neutral
I I-neutral
ever I-neutral
had I-neutral
is I-neutral
the I-neutral
main I-neutral
thing I-neutral
. O

Baluchi's B-positive
has B-positive
solid I-positive
food I-positive
and I-positive
a I-positive
nice I-positive
decor I-positive
at O
reasonable B-positive
prices I-positive
. O

I B-positive
am B-positive
reluctant I-positive
to O
write B-positive
because I-positive
I I-positive
would I-positive
not I-positive
want I-positive
my I-positive
jem I-positive
of O
a B-negative
pizza I-negative
place I-negative
to I-negative
become O
overcrowded O
. O

To B-neutral
be B-neutral
completely I-neutral
fair I-neutral
, I-neutral
the I-neutral
only I-neutral
redeeming I-neutral
factor I-neutral
was I-neutral
the I-neutral
food I-neutral
, I-neutral
which I-neutral
was I-neutral
above I-neutral
average I-neutral
, I-neutral
but I-neutral
couldn't I-neutral
make I-neutral
up I-neutral
for I-neutral
all I-neutral
the I-neutral
other I-neutral
deficiencies I-neutral
of I-neutral
Teodora I-neutral
. O

Terrible B-positive
service B-positive
, I-positive
food O
ok B-positive
, I-positive
pricey I-positive

The O
place O
is B-positive
so I-positive
cool I-positive
and I-positive
the O
service B-positive
is I-positive
prompt I-positive
and I-positive
curtious O
. O

This B-neutral
is B-neutral
the I-neutral
kind I-neutral
of I-neutral
place I-neutral
you'd I-neutral
like I-neutral
to I-neutral
take I-neutral
all I-neutral
your I-neutral
friends I-neutral
to I-neutral
and I-neutral
still I-neutral
keep I-neutral
a I-neutral
secret I-neutral
. O

– B-neutral
A B-neutral
group I-neutral
of I-neutral
5 I-neutral
of I-neutral
us I-neutral
went I-neutral
there I-neutral
for I-neutral
Sunday I-neutral
brunch I-neutral
and I-neutral
sat I-neutral
outside I-neutral
. O

The O
food O
was B-positive
actually I-positive
aweful I-positive
. O

The B-neutral
service B-neutral
was I-neutral
spectacular I-neutral
as I-neutral
the I-neutral
waiter I-neutral
knew I-neutral
everything I-neutral
about I-neutral
the I-neutral
menu I-neutral
and I-neutral
his I-neutral
recommendations I-neutral
were I-neutral
amazing I-neutral
! O

Other B-neutral
guests B-neutral
enjoyed I-neutral
pizza I-neutral
, I-neutral
santa I-neutral
fe I-neutral
chopped I-neutral
salad I-neutral
and I-neutral
fish I-neutral
and I-neutral
chips O
. O

I B-neutral
had B-neutral
the I-neutral
kafta I-neutral
plate I-neutral
and I-neutral
I I-neutral
enjoyed I-neutral
it I-neutral
. O

love B-positive
the B-positive
food O
. O

This B-neutral
quaint B-neutral
and I-neutral
romantic I-neutral
trattoria I-neutral
is I-neutral
at I-neutral
the I-neutral
top I-neutral
of I-neutral
my I-neutral
Manhattan I-neutral
restaurant I-neutral
list I-neutral
. O

The B-neutral
steak B-neutral
was I-neutral
done I-neutral
to I-neutral
my I-neutral
exact I-neutral
liking I-neutral
( I-neutral
medium I-neutral
rare I-neutral
) I-neutral
and I-neutral
was I-neutral
nice I-neutral
and I-neutral
juicy O
. O

The O
three O
of B-positive
us I-positive
standing I-positive
in O
front B-positive
of I-positive
her I-positive
should I-positive
have I-positive
been I-positive
an I-positive
indication I-positive
of I-positive
how I-positive
many I-positive
of I-positive
us I-positive
there I-positive
were I-positive
. O

Service O
was O
prompt B-negative
, I-negative
friendly I-negative
and I-negative
great O
. O

limited B-neutral
menu B-neutral
, I-neutral
no-so-fresh I-neutral
ingredients I-neutral
, I-neutral
thinly-sliced I-neutral
fish I-neutral
, I-neutral
fall-apart I-neutral
rice O
. O

However B-neutral
, B-neutral
it I-neutral
is I-neutral
jus I-neutral
too I-neutral
good I-neutral
to I-neutral
not I-neutral
praise I-neutral
it O
. O

We B-positive
got B-positive
most I-positive
of I-positive
it I-positive
back I-positive
at I-positive
home I-positive
with I-positive
us I-positive
. O

This B-neutral
is B-neutral
by I-neutral
far I-neutral
my I-neutral
favorite I-neutral
place I-neutral
in I-neutral
the I-neutral
neighborhood I-neutral
. O

Will B-positive
absolutely B-positive
visit I-positive
again I-positive
. O

really B-positive
depends B-positive
on O
your B-positive
luck I-positive
! I-positive

There B-neutral
is B-neutral
only I-neutral
one I-neutral
place I-neutral
on I-neutral
the I-neutral
east I-neutral
coast I-neutral
that I-neutral
has I-neutral
it I-neutral
all I-neutral
, I-neutral
plus I-neutral
a I-neutral
lot I-neutral
more I-neutral
. O

food B-negative
was B-negative
fine I-negative
, I-negative
with I-negative
a I-negative
some I-negative
little-tastier-than-normal I-negative
salsa I-negative
. O

The O
food O
was B-positive
great I-positive
! I-positive

Quick O
and O
friendly B-positive
service I-positive
. O

